INFO 2022-06-15 18:52:32,105 - function _setUpSubPlot called.
INFO 2022-06-15 18:52:34,237 - function FERRET populateModelListCombo called.
INFO 2022-06-15 18:52:34,297 - FERRET GUI created successfully.
INFO 2022-06-15 18:52:40,739 - function FERRET HideAllControlsOnGUI called
INFO 2022-06-15 18:52:40,740 - CSV data file C:/Users/Steve Shillitoe/source/repos/FerretNew/FerretData/SimpleModelData.csv loaded
INFO 2022-06-15 18:52:40,743 - function FERRET ConfigureGUIAfterLoadingData called.
INFO 2022-06-15 18:52:46,014 - function FERRET GetListDataNames called
INFO 2022-06-15 18:52:46,104 - function FERRET UncheckFixParameterCheckBoxes called
INFO 2022-06-15 18:52:46,104 - function FERRET configureGUIForEachModel called when model = HF1-2CFM+2DSPGR
INFO 2022-06-15 18:52:46,111 - function FERRET setUpConstantsLabelsAndWidgets called. 
INFO 2022-06-15 18:52:46,245 - function FERRET SetUpParameterLabelsAndSpinBoxes called. 
INFO 2022-06-15 18:52:46,320 - FERRET.clearOptimisedParamaterList called from cmbModels
INFO 2022-06-15 18:52:46,320 - Function FERRET.ClearOptimumParamaterConfLimitsOnGUI called.
INFO 2022-06-15 18:52:46,320 - Function FERRET.displayFitModelButton called. Model is HF1-2CFM+2DSPGR
INFO 2022-06-15 18:52:46,322 - function FerretPlotData.plotGraph called
INFO 2022-06-15 18:52:46,347 - function _setUpSubPlot called.
INFO 2022-06-15 18:52:46,359 - Function FERRET.buildParameterArray called.
INFO 2022-06-15 18:52:52,385 - function FerretPlotData.plotGraph called
INFO 2022-06-15 18:52:52,421 - function _setUpSubPlot called.
INFO 2022-06-15 18:52:52,435 - Function FERRET.buildParameterArray called.
INFO 2022-06-15 18:52:52,436 - function _setUpLegendBox called.
INFO 2022-06-15 18:52:52,483 - Function FERRET.displayFitModelButton called. Model is HF1-2CFM+2DSPGR
INFO 2022-06-15 18:52:55,566 - function FerretPlotData.plotGraph called
INFO 2022-06-15 18:52:55,591 - function _setUpSubPlot called.
INFO 2022-06-15 18:52:55,605 - Function FERRET.buildParameterArray called.
INFO 2022-06-15 18:52:55,606 - function _setUpLegendBox called.
INFO 2022-06-15 18:52:55,638 - function _setUpLegendBox called.
INFO 2022-06-15 18:52:55,661 - calculateAndPlotModelCurve called
INFO 2022-06-15 18:52:55,661 -  Tools.spgr2d_func called
INFO 2022-06-15 18:52:55,661 -  Tools.spgr2d_func called
INFO 2022-06-15 18:52:55,670 -  Tools.spgr2d_func called
INFO 2022-06-15 18:52:55,670 -  Tools.spgr2d_func called
INFO 2022-06-15 18:52:55,671 -  Tools.spgr2d_func called
INFO 2022-06-15 18:52:55,671 -  Tools.spgr2d_func called
INFO 2022-06-15 18:52:55,671 -  Tools.spgr2d_func called
INFO 2022-06-15 18:52:55,671 -  Tools.spgr2d_func called
INFO 2022-06-15 18:52:55,672 -  Tools.spgr2d_func called
INFO 2022-06-15 18:52:55,672 -  Tools.spgr2d_func called
INFO 2022-06-15 18:52:55,672 -  Tools.spgr2d_func called
INFO 2022-06-15 18:52:55,672 -  Tools.spgr2d_func called
INFO 2022-06-15 18:52:55,672 -  Tools.spgr2d_func called
INFO 2022-06-15 18:52:55,672 -  Tools.spgr2d_func called
INFO 2022-06-15 18:52:55,672 -  Tools.spgr2d_func called
INFO 2022-06-15 18:52:55,675 -  Tools.spgr2d_func called
INFO 2022-06-15 18:52:55,675 -  Tools.spgr2d_func called
INFO 2022-06-15 18:52:55,675 -  Tools.spgr2d_func called
INFO 2022-06-15 18:52:55,676 -  Tools.spgr2d_func called
INFO 2022-06-15 18:52:55,676 -  Tools.spgr2d_func called
INFO 2022-06-15 18:52:55,676 -  Tools.spgr2d_func called
INFO 2022-06-15 18:52:55,676 -  Tools.spgr2d_func called
INFO 2022-06-15 18:52:55,676 -  Tools.spgr2d_func called
INFO 2022-06-15 18:52:55,677 -  Tools.spgr2d_func called
INFO 2022-06-15 18:52:55,677 -  Tools.spgr2d_func called
INFO 2022-06-15 18:52:55,677 -  Tools.spgr2d_func called
INFO 2022-06-15 18:52:55,678 -  Tools.spgr2d_func called
INFO 2022-06-15 18:52:55,678 -  Tools.spgr2d_func called
INFO 2022-06-15 18:52:55,678 -  Tools.spgr2d_func called
INFO 2022-06-15 18:52:55,678 -  Tools.spgr2d_func called
INFO 2022-06-15 18:52:55,678 -  Tools.spgr2d_func called
INFO 2022-06-15 18:52:55,679 -  Tools.spgr2d_func called
INFO 2022-06-15 18:52:55,679 -  Tools.spgr2d_func called
INFO 2022-06-15 18:52:55,679 -  Tools.spgr2d_func called
INFO 2022-06-15 18:52:55,680 -  Tools.spgr2d_func called
INFO 2022-06-15 18:52:55,680 -  Tools.spgr2d_func called
INFO 2022-06-15 18:52:55,680 -  Tools.spgr2d_func called
INFO 2022-06-15 18:52:55,680 -  Tools.spgr2d_func called
INFO 2022-06-15 18:52:55,680 -  Tools.spgr2d_func called
INFO 2022-06-15 18:52:55,680 -  Tools.spgr2d_func called
INFO 2022-06-15 18:52:55,681 -  Tools.spgr2d_func called
INFO 2022-06-15 18:52:55,681 -  Tools.spgr2d_func called
INFO 2022-06-15 18:52:55,681 -  Tools.spgr2d_func called
INFO 2022-06-15 18:52:55,681 -  Tools.spgr2d_func called
INFO 2022-06-15 18:52:55,681 -  Tools.spgr2d_func called
INFO 2022-06-15 18:52:55,681 -  Tools.spgr2d_func called
INFO 2022-06-15 18:52:55,681 -  Tools.spgr2d_func called
INFO 2022-06-15 18:52:55,681 -  Tools.spgr2d_func called
INFO 2022-06-15 18:52:55,681 -  Tools.spgr2d_func called
INFO 2022-06-15 18:52:55,681 -  Tools.spgr2d_func called
INFO 2022-06-15 18:52:55,681 -  Tools.spgr2d_func called
INFO 2022-06-15 18:52:55,682 -  Tools.spgr2d_func called
INFO 2022-06-15 18:52:55,682 -  Tools.spgr2d_func called
INFO 2022-06-15 18:52:55,682 -  Tools.spgr2d_func called
INFO 2022-06-15 18:52:55,682 -  Tools.spgr2d_func called
INFO 2022-06-15 18:52:55,682 -  Tools.spgr2d_func called
INFO 2022-06-15 18:52:55,682 -  Tools.spgr2d_func called
INFO 2022-06-15 18:52:55,682 -  Tools.spgr2d_func called
INFO 2022-06-15 18:52:55,682 -  Tools.spgr2d_func called
INFO 2022-06-15 18:52:55,682 -  Tools.spgr2d_func called
INFO 2022-06-15 18:52:55,682 -  Tools.spgr2d_func called
INFO 2022-06-15 18:52:55,682 -  Tools.spgr2d_func called
INFO 2022-06-15 18:52:55,682 -  Tools.spgr2d_func called
INFO 2022-06-15 18:52:55,683 -  Tools.spgr2d_func called
INFO 2022-06-15 18:52:55,683 -  Tools.spgr2d_func called
INFO 2022-06-15 18:52:55,683 -  Tools.spgr2d_func called
INFO 2022-06-15 18:52:55,683 -  Tools.spgr2d_func called
INFO 2022-06-15 18:52:55,683 -  Tools.spgr2d_func called
INFO 2022-06-15 18:52:55,683 -  Tools.spgr2d_func called
INFO 2022-06-15 18:52:55,683 -  Tools.spgr2d_func called
INFO 2022-06-15 18:52:55,683 -  Tools.spgr2d_func called
INFO 2022-06-15 18:52:55,683 -  Tools.spgr2d_func called
INFO 2022-06-15 18:52:55,683 -  Tools.spgr2d_func called
INFO 2022-06-15 18:52:55,683 -  Tools.spgr2d_func called
INFO 2022-06-15 18:52:55,684 -  Tools.spgr2d_func called
INFO 2022-06-15 18:52:55,684 -  Tools.spgr2d_func called
INFO 2022-06-15 18:52:55,684 -  Tools.spgr2d_func called
INFO 2022-06-15 18:52:55,684 -  Tools.spgr2d_func called
INFO 2022-06-15 18:52:55,684 -  Tools.spgr2d_func called
INFO 2022-06-15 18:52:55,684 -  Tools.spgr2d_func called
INFO 2022-06-15 18:52:55,684 -  Tools.spgr2d_func called
INFO 2022-06-15 18:52:55,684 -  Tools.spgr2d_func called
INFO 2022-06-15 18:52:55,684 -  Tools.spgr2d_func called
INFO 2022-06-15 18:52:55,684 -  Tools.spgr2d_func called
INFO 2022-06-15 18:52:55,684 -  Tools.spgr2d_func called
INFO 2022-06-15 18:52:55,684 -  Tools.spgr2d_func called
INFO 2022-06-15 18:52:55,685 -  Tools.spgr2d_func called
INFO 2022-06-15 18:52:55,685 -  Tools.spgr2d_func called
INFO 2022-06-15 18:52:55,685 -  Tools.spgr2d_func called
INFO 2022-06-15 18:52:55,685 -  Tools.spgr2d_func called
INFO 2022-06-15 18:52:55,685 -  Tools.spgr2d_func called
INFO 2022-06-15 18:52:55,685 -  Tools.spgr2d_func called
INFO 2022-06-15 18:52:55,685 -  Tools.spgr2d_func called
INFO 2022-06-15 18:52:55,685 -  Tools.spgr2d_func called
INFO 2022-06-15 18:52:55,685 -  Tools.spgr2d_func called
INFO 2022-06-15 18:52:55,685 -  Tools.spgr2d_func called
INFO 2022-06-15 18:52:55,685 -  Tools.spgr2d_func called
INFO 2022-06-15 18:52:55,685 -  Tools.spgr2d_func called
INFO 2022-06-15 18:52:55,686 -  Tools.spgr2d_func called
INFO 2022-06-15 18:52:55,686 -  Tools.spgr2d_func called
INFO 2022-06-15 18:52:55,687 -  Tools.spgr2d_func called
INFO 2022-06-15 18:52:55,687 -  Tools.spgr2d_func called
INFO 2022-06-15 18:52:55,687 -  Tools.spgr2d_func called
INFO 2022-06-15 18:52:55,687 -  Tools.spgr2d_func called
INFO 2022-06-15 18:52:55,687 -  Tools.spgr2d_func called
INFO 2022-06-15 18:52:55,687 -  Tools.spgr2d_func called
INFO 2022-06-15 18:52:55,687 -  Tools.spgr2d_func called
INFO 2022-06-15 18:52:55,687 -  Tools.spgr2d_func called
INFO 2022-06-15 18:52:55,687 -  Tools.spgr2d_func called
INFO 2022-06-15 18:52:55,687 -  Tools.spgr2d_func called
INFO 2022-06-15 18:52:55,687 -  Tools.spgr2d_func called
INFO 2022-06-15 18:52:55,687 -  Tools.spgr2d_func called
INFO 2022-06-15 18:52:55,687 -  Tools.spgr2d_func called
INFO 2022-06-15 18:52:55,687 -  Tools.spgr2d_func called
INFO 2022-06-15 18:52:55,687 -  Tools.spgr2d_func called
INFO 2022-06-15 18:52:55,687 -  Tools.spgr2d_func called
INFO 2022-06-15 18:52:55,687 -  Tools.spgr2d_func called
INFO 2022-06-15 18:52:55,687 -  Tools.spgr2d_func called
INFO 2022-06-15 18:52:55,687 -  Tools.spgr2d_func called
INFO 2022-06-15 18:52:55,687 -  Tools.spgr2d_func called
INFO 2022-06-15 18:52:55,688 -  Tools.spgr2d_func called
INFO 2022-06-15 18:52:55,688 -  Tools.spgr2d_func called
INFO 2022-06-15 18:52:55,688 -  Tools.spgr2d_func called
INFO 2022-06-15 18:52:55,688 -  Tools.spgr2d_func called
INFO 2022-06-15 18:52:55,688 -  Tools.spgr2d_func called
INFO 2022-06-15 18:52:55,688 -  Tools.spgr2d_func called
INFO 2022-06-15 18:52:55,688 -  Tools.spgr2d_func called
INFO 2022-06-15 18:52:55,688 -  Tools.spgr2d_func called
INFO 2022-06-15 18:52:55,688 -  Tools.spgr2d_func called
INFO 2022-06-15 18:52:55,688 -  Tools.spgr2d_func called
INFO 2022-06-15 18:52:55,688 -  Tools.spgr2d_func called
INFO 2022-06-15 18:52:55,688 -  Tools.spgr2d_func called
INFO 2022-06-15 18:52:55,689 -  Tools.spgr2d_func called
INFO 2022-06-15 18:52:55,689 -  Tools.spgr2d_func called
INFO 2022-06-15 18:52:55,689 -  Tools.spgr2d_func called
INFO 2022-06-15 18:52:55,689 -  Tools.spgr2d_func called
INFO 2022-06-15 18:52:55,689 -  Tools.spgr2d_func called
INFO 2022-06-15 18:52:55,689 -  Tools.spgr2d_func called
INFO 2022-06-15 18:52:55,689 -  Tools.spgr2d_func called
INFO 2022-06-15 18:52:55,689 -  Tools.spgr2d_func called
INFO 2022-06-15 18:52:55,689 -  Tools.spgr2d_func called
INFO 2022-06-15 18:52:55,689 -  Tools.spgr2d_func called
INFO 2022-06-15 18:52:55,689 -  Tools.spgr2d_func called
INFO 2022-06-15 18:52:55,689 -  Tools.spgr2d_func called
INFO 2022-06-15 18:52:55,690 -  Tools.spgr2d_func called
INFO 2022-06-15 18:52:55,690 -  Tools.spgr2d_func called
INFO 2022-06-15 18:52:55,690 -  Tools.spgr2d_func called
INFO 2022-06-15 18:52:55,690 -  Tools.spgr2d_func called
INFO 2022-06-15 18:52:55,690 -  Tools.spgr2d_func called
INFO 2022-06-15 18:52:55,690 -  Tools.spgr2d_func called
INFO 2022-06-15 18:52:55,690 -  Tools.spgr2d_func called
INFO 2022-06-15 18:52:55,690 -  Tools.spgr2d_func called
INFO 2022-06-15 18:52:55,690 -  Tools.spgr2d_func called
INFO 2022-06-15 18:52:55,690 -  Tools.spgr2d_func called
INFO 2022-06-15 18:52:55,690 -  Tools.spgr2d_func called
INFO 2022-06-15 18:52:55,690 -  Tools.spgr2d_func called
INFO 2022-06-15 18:52:55,691 -  Tools.spgr2d_func called
INFO 2022-06-15 18:52:55,691 -  Tools.spgr2d_func called
INFO 2022-06-15 18:52:55,691 -  Tools.spgr2d_func called
INFO 2022-06-15 18:52:55,691 -  Tools.spgr2d_func called
INFO 2022-06-15 18:52:55,691 -  Tools.spgr2d_func called
INFO 2022-06-15 18:52:55,691 -  Tools.spgr2d_func called
INFO 2022-06-15 18:52:55,691 -  Tools.spgr2d_func called
INFO 2022-06-15 18:52:55,691 -  Tools.spgr2d_func called
INFO 2022-06-15 18:52:55,691 -  Tools.spgr2d_func called
INFO 2022-06-15 18:52:55,691 -  Tools.spgr2d_func called
INFO 2022-06-15 18:52:55,691 -  Tools.spgr2d_func called
INFO 2022-06-15 18:52:55,691 -  Tools.spgr2d_func called
INFO 2022-06-15 18:52:55,692 -  Tools.spgr2d_func called
INFO 2022-06-15 18:52:55,692 -  Tools.spgr2d_func called
INFO 2022-06-15 18:52:55,692 -  Tools.spgr2d_func called
INFO 2022-06-15 18:52:55,692 -  Tools.spgr2d_func called
INFO 2022-06-15 18:52:55,692 -  Tools.spgr2d_func called
INFO 2022-06-15 18:52:55,692 -  Tools.spgr2d_func called
INFO 2022-06-15 18:52:55,692 -  Tools.spgr2d_func called
INFO 2022-06-15 18:52:55,692 -  Tools.spgr2d_func called
INFO 2022-06-15 18:52:55,692 -  Tools.spgr2d_func called
INFO 2022-06-15 18:52:55,692 -  Tools.spgr2d_func called
INFO 2022-06-15 18:52:55,692 -  Tools.spgr2d_func called
INFO 2022-06-15 18:52:55,693 -  Tools.spgr2d_func called
INFO 2022-06-15 18:52:55,693 -  Tools.spgr2d_func called
INFO 2022-06-15 18:52:55,693 -  Tools.spgr2d_func called
INFO 2022-06-15 18:52:55,693 -  Tools.spgr2d_func called
INFO 2022-06-15 18:52:55,693 -  Tools.spgr2d_func called
INFO 2022-06-15 18:52:55,693 -  Tools.spgr2d_func called
INFO 2022-06-15 18:52:55,693 -  Tools.spgr2d_func called
INFO 2022-06-15 18:52:55,693 -  Tools.spgr2d_func called
INFO 2022-06-15 18:52:55,693 -  Tools.spgr2d_func called
INFO 2022-06-15 18:52:55,693 -  Tools.spgr2d_func called
INFO 2022-06-15 18:52:55,693 -  Tools.spgr2d_func called
INFO 2022-06-15 18:52:55,693 -  Tools.spgr2d_func called
INFO 2022-06-15 18:52:55,694 -  Tools.spgr2d_func called
INFO 2022-06-15 18:52:55,694 -  Tools.spgr2d_func called
INFO 2022-06-15 18:52:55,694 -  Tools.spgr2d_func called
INFO 2022-06-15 18:52:55,694 -  Tools.spgr2d_func called
INFO 2022-06-15 18:52:55,694 -  Tools.spgr2d_func called
INFO 2022-06-15 18:52:55,694 -  Tools.spgr2d_func called
INFO 2022-06-15 18:52:55,694 -  Tools.spgr2d_func called
INFO 2022-06-15 18:52:55,694 -  Tools.spgr2d_func called
INFO 2022-06-15 18:52:55,694 -  Tools.spgr2d_func called
INFO 2022-06-15 18:52:55,694 -  Tools.spgr2d_func called
INFO 2022-06-15 18:52:55,694 -  Tools.spgr2d_func called
INFO 2022-06-15 18:52:55,694 -  Tools.spgr2d_func called
INFO 2022-06-15 18:52:55,694 -  Tools.spgr2d_func called
INFO 2022-06-15 18:52:55,695 -  Tools.spgr2d_func called
INFO 2022-06-15 18:52:55,695 -  Tools.spgr2d_func called
INFO 2022-06-15 18:52:55,695 -  Tools.spgr2d_func called
INFO 2022-06-15 18:52:55,695 -  Tools.spgr2d_func called
INFO 2022-06-15 18:52:55,695 -  Tools.spgr2d_func called
INFO 2022-06-15 18:52:55,695 -  Tools.spgr2d_func called
INFO 2022-06-15 18:52:55,695 -  Tools.spgr2d_func called
INFO 2022-06-15 18:52:55,695 -  Tools.spgr2d_func called
INFO 2022-06-15 18:52:55,695 -  Tools.spgr2d_func called
INFO 2022-06-15 18:52:55,695 -  Tools.spgr2d_func called
INFO 2022-06-15 18:52:55,695 -  Tools.spgr2d_func called
INFO 2022-06-15 18:52:55,695 -  Tools.spgr2d_func called
INFO 2022-06-15 18:52:55,696 -  Tools.spgr2d_func called
INFO 2022-06-15 18:52:55,696 -  Tools.spgr2d_func called
INFO 2022-06-15 18:52:55,696 -  Tools.spgr2d_func called
INFO 2022-06-15 18:52:55,696 -  Tools.spgr2d_func called
INFO 2022-06-15 18:52:55,696 -  Tools.spgr2d_func called
INFO 2022-06-15 18:52:55,696 -  Tools.spgr2d_func called
INFO 2022-06-15 18:52:55,696 -  Tools.spgr2d_func called
INFO 2022-06-15 18:52:55,696 -  Tools.spgr2d_func called
INFO 2022-06-15 18:52:55,696 -  Tools.spgr2d_func called
INFO 2022-06-15 18:52:55,696 -  Tools.spgr2d_func called
INFO 2022-06-15 18:52:55,696 -  Tools.spgr2d_func called
INFO 2022-06-15 18:52:55,696 -  Tools.spgr2d_func called
INFO 2022-06-15 18:52:55,697 -  Tools.spgr2d_func called
INFO 2022-06-15 18:52:55,697 -  Tools.spgr2d_func called
INFO 2022-06-15 18:52:55,697 -  Tools.spgr2d_func called
INFO 2022-06-15 18:52:55,697 -  Tools.spgr2d_func called
INFO 2022-06-15 18:52:55,697 -  Tools.spgr2d_func called
INFO 2022-06-15 18:52:55,697 -  Tools.spgr2d_func called
INFO 2022-06-15 18:52:55,697 -  Tools.spgr2d_func called
INFO 2022-06-15 18:52:55,697 -  Tools.spgr2d_func called
INFO 2022-06-15 18:52:55,697 -  Tools.spgr2d_func called
INFO 2022-06-15 18:52:55,697 -  Tools.spgr2d_func called
INFO 2022-06-15 18:52:55,697 -  Tools.spgr2d_func called
INFO 2022-06-15 18:52:55,697 -  Tools.spgr2d_func called
INFO 2022-06-15 18:52:55,697 -  Tools.spgr2d_func called
INFO 2022-06-15 18:52:55,698 -  Tools.spgr2d_func called
INFO 2022-06-15 18:52:55,698 -  Tools.spgr2d_func called
INFO 2022-06-15 18:52:55,698 -  Tools.spgr2d_func called
INFO 2022-06-15 18:52:55,698 -  Tools.spgr2d_func called
INFO 2022-06-15 18:52:55,698 -  Tools.spgr2d_func called
INFO 2022-06-15 18:52:55,698 -  Tools.spgr2d_func called
INFO 2022-06-15 18:52:55,698 -  Tools.spgr2d_func called
INFO 2022-06-15 18:52:55,698 -  Tools.spgr2d_func called
INFO 2022-06-15 18:52:55,698 -  Tools.spgr2d_func called
INFO 2022-06-15 18:52:55,698 -  Tools.spgr2d_func called
INFO 2022-06-15 18:52:55,698 -  Tools.spgr2d_func called
INFO 2022-06-15 18:52:55,698 -  Tools.spgr2d_func called
INFO 2022-06-15 18:52:55,699 -  Tools.spgr2d_func called
INFO 2022-06-15 18:52:55,699 -  Tools.spgr2d_func called
INFO 2022-06-15 18:52:55,699 -  Tools.spgr2d_func called
INFO 2022-06-15 18:52:55,699 -  Tools.spgr2d_func called
INFO 2022-06-15 18:52:55,699 -  Tools.spgr2d_func called
INFO 2022-06-15 18:52:55,699 -  Tools.spgr2d_func called
INFO 2022-06-15 18:52:55,699 -  Tools.spgr2d_func called
INFO 2022-06-15 18:52:55,699 -  Tools.spgr2d_func called
INFO 2022-06-15 18:52:55,699 -  Tools.spgr2d_func called
INFO 2022-06-15 18:52:55,699 -  Tools.spgr2d_func called
INFO 2022-06-15 18:52:55,699 -  Tools.spgr2d_func called
INFO 2022-06-15 18:52:55,699 -  Tools.spgr2d_func called
INFO 2022-06-15 18:52:55,700 -  Tools.spgr2d_func called
INFO 2022-06-15 18:52:55,700 -  Tools.spgr2d_func called
INFO 2022-06-15 18:52:55,700 -  Tools.spgr2d_func called
INFO 2022-06-15 18:52:55,700 -  Tools.spgr2d_func called
INFO 2022-06-15 18:52:55,700 -  Tools.spgr2d_func called
INFO 2022-06-15 18:52:55,700 -  Tools.spgr2d_func called
INFO 2022-06-15 18:52:55,700 -  Tools.spgr2d_func called
INFO 2022-06-15 18:52:55,700 -  Tools.spgr2d_func called
INFO 2022-06-15 18:52:55,700 -  Tools.spgr2d_func called
INFO 2022-06-15 18:52:55,700 -  Tools.spgr2d_func called
INFO 2022-06-15 18:52:55,700 -  Tools.spgr2d_func called
INFO 2022-06-15 18:52:55,700 -  Tools.spgr2d_func called
INFO 2022-06-15 18:52:55,700 -  Tools.spgr2d_func called
INFO 2022-06-15 18:52:55,700 -  Tools.spgr2d_func called
INFO 2022-06-15 18:52:55,701 -  Tools.spgr2d_func called
INFO 2022-06-15 18:52:55,701 -  Tools.spgr2d_func called
INFO 2022-06-15 18:52:55,701 -  Tools.spgr2d_func called
INFO 2022-06-15 18:52:55,701 -  Tools.spgr2d_func called
INFO 2022-06-15 18:52:55,701 -  Tools.spgr2d_func called
INFO 2022-06-15 18:52:55,701 -  Tools.spgr2d_func called
INFO 2022-06-15 18:52:55,701 -  Tools.spgr2d_func called
INFO 2022-06-15 18:52:55,701 -  Tools.spgr2d_func called
INFO 2022-06-15 18:52:55,701 -  Tools.spgr2d_func called
INFO 2022-06-15 18:52:55,701 -  Tools.spgr2d_func called
INFO 2022-06-15 18:52:55,701 -  Tools.spgr2d_func called
INFO 2022-06-15 18:52:55,702 -  Tools.spgr2d_func called
INFO 2022-06-15 18:52:55,702 -  Tools.spgr2d_func called
INFO 2022-06-15 18:52:55,702 -  Tools.spgr2d_func called
INFO 2022-06-15 18:52:55,702 -  Tools.spgr2d_func called
INFO 2022-06-15 18:52:55,702 -  Tools.spgr2d_func called
INFO 2022-06-15 18:52:55,703 -  Tools.spgr2d_func called
INFO 2022-06-15 18:52:55,703 -  Tools.spgr2d_func called
INFO 2022-06-15 18:52:55,703 -  Tools.spgr2d_func called
INFO 2022-06-15 18:52:55,703 -  Tools.spgr2d_func called
INFO 2022-06-15 18:52:55,703 -  Tools.spgr2d_func called
INFO 2022-06-15 18:52:55,703 -  Tools.spgr2d_func called
INFO 2022-06-15 18:52:55,703 -  Tools.spgr2d_func called
INFO 2022-06-15 18:52:55,703 -  Tools.spgr2d_func called
INFO 2022-06-15 18:52:55,703 -  Tools.spgr2d_func called
INFO 2022-06-15 18:52:55,703 -  Tools.spgr2d_func called
INFO 2022-06-15 18:52:55,703 -  Tools.spgr2d_func called
INFO 2022-06-15 18:52:55,703 -  Tools.spgr2d_func called
INFO 2022-06-15 18:52:55,703 -  Tools.spgr2d_func called
INFO 2022-06-15 18:52:55,703 -  Tools.spgr2d_func called
INFO 2022-06-15 18:52:55,703 -  Tools.spgr2d_func called
INFO 2022-06-15 18:52:55,703 -  Tools.spgr2d_func called
INFO 2022-06-15 18:52:55,703 -  Tools.spgr2d_func called
INFO 2022-06-15 18:52:55,703 -  Tools.spgr2d_func called
INFO 2022-06-15 18:52:55,703 -  Tools.spgr2d_func called
INFO 2022-06-15 18:52:55,703 -  Tools.spgr2d_func called
INFO 2022-06-15 18:52:55,704 -  Tools.spgr2d_func called
INFO 2022-06-15 18:52:55,704 -  Tools.spgr2d_func called
INFO 2022-06-15 18:52:55,704 -  Tools.spgr2d_func called
INFO 2022-06-15 18:52:55,704 -  Tools.spgr2d_func called
INFO 2022-06-15 18:52:55,704 -  Tools.spgr2d_func called
INFO 2022-06-15 18:52:55,704 -  Tools.spgr2d_func called
INFO 2022-06-15 18:52:55,704 -  Tools.spgr2d_func called
INFO 2022-06-15 18:52:55,704 -  Tools.spgr2d_func called
INFO 2022-06-15 18:52:55,704 -  Tools.spgr2d_func called
INFO 2022-06-15 18:52:55,704 -  Tools.spgr2d_func called
INFO 2022-06-15 18:52:55,704 -  Tools.spgr2d_func called
INFO 2022-06-15 18:52:55,704 -  Tools.spgr2d_func called
INFO 2022-06-15 18:52:55,704 -  Tools.spgr2d_func called
INFO 2022-06-15 18:52:55,704 -  Tools.spgr2d_func called
INFO 2022-06-15 18:52:55,705 -  Tools.spgr2d_func called
INFO 2022-06-15 18:52:55,705 -  Tools.spgr2d_func called
INFO 2022-06-15 18:52:55,705 -  Tools.spgr2d_func called
INFO 2022-06-15 18:52:55,705 -  Tools.spgr2d_func called
INFO 2022-06-15 18:52:55,705 -  Tools.spgr2d_func called
INFO 2022-06-15 18:52:55,705 -  Tools.spgr2d_func called
INFO 2022-06-15 18:52:55,705 -  Tools.spgr2d_func called
INFO 2022-06-15 18:52:55,705 -  Tools.spgr2d_func called
INFO 2022-06-15 18:52:55,705 -  Tools.spgr2d_func called
INFO 2022-06-15 18:52:55,705 -  Tools.spgr2d_func called
INFO 2022-06-15 18:52:55,705 -  Tools.spgr2d_func called
INFO 2022-06-15 18:52:55,705 -  Tools.spgr2d_func called
INFO 2022-06-15 18:52:55,706 -  Tools.spgr2d_func called
INFO 2022-06-15 18:52:55,706 -  Tools.spgr2d_func called
INFO 2022-06-15 18:52:55,706 -  Tools.spgr2d_func called
INFO 2022-06-15 18:52:55,706 -  Tools.spgr2d_func called
INFO 2022-06-15 18:52:55,706 -  Tools.spgr2d_func called
INFO 2022-06-15 18:52:55,706 -  Tools.spgr2d_func called
INFO 2022-06-15 18:52:55,706 -  Tools.spgr2d_func called
INFO 2022-06-15 18:52:55,706 -  Tools.spgr2d_func called
INFO 2022-06-15 18:52:55,706 -  Tools.spgr2d_func called
INFO 2022-06-15 18:52:55,706 -  Tools.spgr2d_func called
INFO 2022-06-15 18:52:55,706 -  Tools.spgr2d_func called
INFO 2022-06-15 18:52:55,706 -  Tools.spgr2d_func called
INFO 2022-06-15 18:52:55,707 -  Tools.spgr2d_func called
INFO 2022-06-15 18:52:55,707 -  Tools.spgr2d_func called
INFO 2022-06-15 18:52:55,707 -  Tools.spgr2d_func called
INFO 2022-06-15 18:52:55,707 -  Tools.spgr2d_func called
INFO 2022-06-15 18:52:55,707 -  Tools.spgr2d_func called
INFO 2022-06-15 18:52:55,707 -  Tools.spgr2d_func called
INFO 2022-06-15 18:52:55,707 -  Tools.spgr2d_func called
INFO 2022-06-15 18:52:55,707 -  Tools.spgr2d_func called
INFO 2022-06-15 18:52:55,707 -  Tools.spgr2d_func called
INFO 2022-06-15 18:52:55,707 -  Tools.spgr2d_func called
INFO 2022-06-15 18:52:55,707 -  Tools.spgr2d_func called
INFO 2022-06-15 18:52:55,707 -  Tools.spgr2d_func called
INFO 2022-06-15 18:52:55,707 -  Tools.spgr2d_func called
INFO 2022-06-15 18:52:55,708 -  Tools.spgr2d_func called
INFO 2022-06-15 18:52:55,708 -  Tools.spgr2d_func called
INFO 2022-06-15 18:52:55,708 -  Tools.spgr2d_func called
INFO 2022-06-15 18:52:55,708 -  Tools.spgr2d_func called
INFO 2022-06-15 18:52:55,708 -  Tools.spgr2d_func called
INFO 2022-06-15 18:52:55,708 -  Tools.spgr2d_func called
INFO 2022-06-15 18:52:55,708 -  Tools.spgr2d_func called
INFO 2022-06-15 18:52:55,708 -  Tools.spgr2d_func called
INFO 2022-06-15 18:52:55,708 -  Tools.spgr2d_func called
INFO 2022-06-15 18:52:55,708 -  Tools.spgr2d_func called
INFO 2022-06-15 18:52:55,708 -  Tools.spgr2d_func called
INFO 2022-06-15 18:52:55,708 -  Tools.spgr2d_func called
INFO 2022-06-15 18:52:55,709 -  Tools.spgr2d_func called
INFO 2022-06-15 18:52:55,709 -  Tools.spgr2d_func called
INFO 2022-06-15 18:52:55,709 -  Tools.spgr2d_func called
INFO 2022-06-15 18:52:55,709 -  Tools.spgr2d_func called
INFO 2022-06-15 18:52:55,709 -  Tools.spgr2d_func called
INFO 2022-06-15 18:52:55,709 -  Tools.spgr2d_func called
INFO 2022-06-15 18:52:55,709 -  Tools.spgr2d_func called
INFO 2022-06-15 18:52:55,709 -  Tools.spgr2d_func called
INFO 2022-06-15 18:52:55,709 -  Tools.spgr2d_func called
INFO 2022-06-15 18:52:55,709 -  Tools.spgr2d_func called
INFO 2022-06-15 18:52:55,709 -  Tools.spgr2d_func called
INFO 2022-06-15 18:52:55,709 -  Tools.spgr2d_func called
INFO 2022-06-15 18:52:55,709 -  Tools.spgr2d_func called
INFO 2022-06-15 18:52:55,710 -  Tools.spgr2d_func called
INFO 2022-06-15 18:52:55,710 -  Tools.spgr2d_func called
INFO 2022-06-15 18:52:55,710 -  Tools.spgr2d_func called
INFO 2022-06-15 18:52:55,710 -  Tools.spgr2d_func called
INFO 2022-06-15 18:52:55,710 -  Tools.spgr2d_func called
INFO 2022-06-15 18:52:55,710 -  Tools.spgr2d_func called
INFO 2022-06-15 18:52:55,710 -  Tools.spgr2d_func called
INFO 2022-06-15 18:52:55,710 -  Tools.spgr2d_func called
INFO 2022-06-15 18:52:55,710 -  Tools.spgr2d_func called
INFO 2022-06-15 18:52:55,710 -  Tools.spgr2d_func called
INFO 2022-06-15 18:52:55,710 -  Tools.spgr2d_func called
INFO 2022-06-15 18:52:55,710 -  Tools.spgr2d_func called
INFO 2022-06-15 18:52:55,710 -  Tools.spgr2d_func called
INFO 2022-06-15 18:52:55,711 -  Tools.spgr2d_func called
INFO 2022-06-15 18:52:55,711 -  Tools.spgr2d_func called
INFO 2022-06-15 18:52:55,711 -  Tools.spgr2d_func called
INFO 2022-06-15 18:52:55,711 -  Tools.spgr2d_func called
INFO 2022-06-15 18:52:55,711 -  Tools.spgr2d_func called
INFO 2022-06-15 18:52:55,711 -  Tools.spgr2d_func called
INFO 2022-06-15 18:52:55,711 -  Tools.spgr2d_func called
INFO 2022-06-15 18:52:55,711 -  Tools.spgr2d_func called
INFO 2022-06-15 18:52:55,711 -  Tools.spgr2d_func called
INFO 2022-06-15 18:52:55,711 -  Tools.spgr2d_func called
INFO 2022-06-15 18:52:55,711 -  Tools.spgr2d_func called
INFO 2022-06-15 18:52:55,711 -  Tools.spgr2d_func called
INFO 2022-06-15 18:52:55,711 -  Tools.spgr2d_func called
INFO 2022-06-15 18:52:55,712 -  Tools.spgr2d_func called
INFO 2022-06-15 18:52:55,712 -  Tools.spgr2d_func called
INFO 2022-06-15 18:52:55,712 -  Tools.spgr2d_func called
INFO 2022-06-15 18:52:55,712 -  Tools.spgr2d_func called
INFO 2022-06-15 18:52:55,712 -  Tools.spgr2d_func called
INFO 2022-06-15 18:52:55,712 -  Tools.spgr2d_func called
INFO 2022-06-15 18:52:55,712 -  Tools.spgr2d_func called
INFO 2022-06-15 18:52:55,712 -  Tools.spgr2d_func called
INFO 2022-06-15 18:52:55,712 -  Tools.spgr2d_func called
INFO 2022-06-15 18:52:55,712 -  Tools.spgr2d_func called
INFO 2022-06-15 18:52:55,712 -  Tools.spgr2d_func called
INFO 2022-06-15 18:52:55,712 -  Tools.spgr2d_func called
INFO 2022-06-15 18:52:55,713 -  Tools.spgr2d_func called
INFO 2022-06-15 18:52:55,713 -  Tools.spgr2d_func called
INFO 2022-06-15 18:52:55,713 -  Tools.spgr2d_func called
INFO 2022-06-15 18:52:55,713 -  Tools.spgr2d_func called
INFO 2022-06-15 18:52:55,713 -  Tools.spgr2d_func called
INFO 2022-06-15 18:52:55,713 -  Tools.spgr2d_func called
INFO 2022-06-15 18:52:55,713 -  Tools.spgr2d_func called
INFO 2022-06-15 18:52:55,713 -  Tools.spgr2d_func called
INFO 2022-06-15 18:52:55,713 -  Tools.spgr2d_func called
INFO 2022-06-15 18:52:55,713 -  Tools.spgr2d_func called
INFO 2022-06-15 18:52:55,713 -  Tools.spgr2d_func called
INFO 2022-06-15 18:52:55,713 -  Tools.spgr2d_func called
INFO 2022-06-15 18:52:55,713 -  Tools.spgr2d_func called
INFO 2022-06-15 18:52:55,714 -  Tools.spgr2d_func called
INFO 2022-06-15 18:52:55,714 -  Tools.spgr2d_func called
INFO 2022-06-15 18:52:55,714 -  Tools.spgr2d_func called
INFO 2022-06-15 18:52:55,714 -  Tools.spgr2d_func called
INFO 2022-06-15 18:52:55,714 -  Tools.spgr2d_func called
INFO 2022-06-15 18:52:55,714 -  Tools.spgr2d_func called
INFO 2022-06-15 18:52:55,714 -  Tools.spgr2d_func called
INFO 2022-06-15 18:52:55,714 -  Tools.spgr2d_func called
INFO 2022-06-15 18:52:55,714 -  Tools.spgr2d_func called
INFO 2022-06-15 18:52:55,714 -  Tools.spgr2d_func called
INFO 2022-06-15 18:52:55,714 -  Tools.spgr2d_func called
INFO 2022-06-15 18:52:55,714 -  Tools.spgr2d_func called
INFO 2022-06-15 18:52:55,715 -  Tools.spgr2d_func called
INFO 2022-06-15 18:52:55,715 -  Tools.spgr2d_func called
INFO 2022-06-15 18:52:55,715 -  Tools.spgr2d_func called
INFO 2022-06-15 18:52:55,715 -  Tools.spgr2d_func called
INFO 2022-06-15 18:52:55,715 -  Tools.spgr2d_func called
INFO 2022-06-15 18:52:55,715 -  Tools.spgr2d_func called
INFO 2022-06-15 18:52:55,715 -  Tools.spgr2d_func called
INFO 2022-06-15 18:52:55,715 -  Tools.spgr2d_func called
INFO 2022-06-15 18:52:55,715 -  Tools.spgr2d_func called
INFO 2022-06-15 18:52:55,715 -  Tools.spgr2d_func called
INFO 2022-06-15 18:52:55,715 -  Tools.spgr2d_func called
INFO 2022-06-15 18:52:55,715 -  Tools.spgr2d_func called
INFO 2022-06-15 18:52:55,715 -  Tools.spgr2d_func called
INFO 2022-06-15 18:52:55,715 -  Tools.spgr2d_func called
INFO 2022-06-15 18:52:55,716 -  Tools.spgr2d_func called
INFO 2022-06-15 18:52:55,716 -  Tools.spgr2d_func called
INFO 2022-06-15 18:52:55,716 -  Tools.spgr2d_func called
INFO 2022-06-15 18:52:55,716 -  Tools.spgr2d_func called
INFO 2022-06-15 18:52:55,716 -  Tools.spgr2d_func called
INFO 2022-06-15 18:52:55,716 -  Tools.spgr2d_func called
INFO 2022-06-15 18:52:55,716 -  Tools.spgr2d_func called
INFO 2022-06-15 18:52:55,716 -  Tools.spgr2d_func called
INFO 2022-06-15 18:52:55,716 -  Tools.spgr2d_func called
INFO 2022-06-15 18:52:55,716 -  Tools.spgr2d_func called
INFO 2022-06-15 18:52:55,716 -  Tools.spgr2d_func called
INFO 2022-06-15 18:52:55,716 -  Tools.spgr2d_func called
INFO 2022-06-15 18:52:55,716 -  Tools.spgr2d_func called
INFO 2022-06-15 18:52:55,717 -  Tools.spgr2d_func called
INFO 2022-06-15 18:52:55,717 -  Tools.spgr2d_func called
INFO 2022-06-15 18:52:55,717 -  Tools.spgr2d_func called
INFO 2022-06-15 18:52:55,717 -  Tools.spgr2d_func called
INFO 2022-06-15 18:52:55,717 -  Tools.spgr2d_func called
INFO 2022-06-15 18:52:55,717 -  Tools.spgr2d_func called
INFO 2022-06-15 18:52:55,717 -  Tools.spgr2d_func called
INFO 2022-06-15 18:52:55,717 -  Tools.spgr2d_func called
INFO 2022-06-15 18:52:55,717 -  Tools.spgr2d_func called
INFO 2022-06-15 18:52:55,717 -  Tools.spgr2d_func called
INFO 2022-06-15 18:52:55,717 -  Tools.spgr2d_func called
INFO 2022-06-15 18:52:55,717 -  Tools.spgr2d_func called
INFO 2022-06-15 18:52:55,717 -  Tools.spgr2d_func called
INFO 2022-06-15 18:52:55,718 -  Tools.spgr2d_func called
INFO 2022-06-15 18:52:55,718 - Tools.expconv called for model: HighFlowSingleInletGadoxetate2DSPGR_Rat
INFO 2022-06-15 18:52:55,718 - Tools.spgr2d_func_inv called
INFO 2022-06-15 18:52:55,719 - function _setUpLegendBox called.
INFO 2022-06-15 18:52:55,744 - Function FERRET.displayFitModelButton called. Model is HF1-2CFM+2DSPGR
INFO 2022-06-15 18:54:13,443 - function _setUpSubPlot called.
INFO 2022-06-15 18:54:13,987 - function FERRET populateModelListCombo called.
INFO 2022-06-15 18:54:14,046 - FERRET GUI created successfully.
INFO 2022-06-15 18:55:35,796 - function _setUpSubPlot called.
INFO 2022-06-15 18:55:36,447 - FERRET GUI created successfully.
INFO 2022-06-15 18:55:41,278 - function FERRET HideAllControlsOnGUI called
INFO 2022-06-15 18:55:41,278 - function FERRET populateModelListCombo called.
INFO 2022-06-15 18:55:41,279 - Model Library file C:/Users/Steve Shillitoe/source/repos/FerretNew/Developer/ModelLibrary/SimpleModels.py loaded
INFO 2022-06-15 18:55:47,217 - function FERRET HideAllControlsOnGUI called
ERROR 2022-06-15 18:55:50,890 - Runtime error in function LoadFerretData LoadDataFile: The first column in the CSV file must contain time data.
INFO 2022-06-15 18:57:50,523 - function _setUpSubPlot called.
INFO 2022-06-15 18:57:51,935 - FERRET GUI created successfully.
INFO 2022-06-15 18:57:56,651 - function FERRET HideAllControlsOnGUI called
INFO 2022-06-15 18:57:56,652 - function FERRET populateModelListCombo called.
INFO 2022-06-15 18:57:56,653 - Model Library file C:/Users/Steve Shillitoe/source/repos/FerretNew/Developer/ModelLibrary/SimpleModels.py loaded
INFO 2022-06-15 18:58:01,844 - function FERRET HideAllControlsOnGUI called
INFO 2022-06-15 18:58:01,844 - CSV data file C:/Users/Steve Shillitoe/source/repos/FerretNew/FerretData/SimpleModelData.csv loaded
INFO 2022-06-15 18:58:01,846 - function FERRET ConfigureGUIAfterLoadingData called.
INFO 2022-06-15 18:58:04,800 - function FERRET GetListDataNames called
INFO 2022-06-15 18:58:04,909 - function FERRET UncheckFixParameterCheckBoxes called
INFO 2022-06-15 18:58:04,910 - function FERRET configureGUIForEachModel called when model = Linear
INFO 2022-06-15 18:58:04,913 - function FERRET setUpConstantsLabelsAndWidgets called. 
INFO 2022-06-15 18:58:04,913 - function FERRET SetUpParameterLabelsAndSpinBoxes called. 
INFO 2022-06-15 18:58:04,969 - FERRET.clearOptimisedParamaterList called from cmbModels
INFO 2022-06-15 18:58:04,969 - Function FERRET.ClearOptimumParamaterConfLimitsOnGUI called.
INFO 2022-06-15 18:58:04,969 - Function FERRET.displayFitModelButton called. Model is Linear
INFO 2022-06-15 18:58:04,970 - function FerretPlotData.plotGraph called
INFO 2022-06-15 18:58:04,994 - function _setUpSubPlot called.
INFO 2022-06-15 18:58:05,006 - Function FERRET.buildParameterArray called.
INFO 2022-06-15 18:58:11,334 - function FerretPlotData.plotGraph called
INFO 2022-06-15 18:58:11,360 - function _setUpSubPlot called.
INFO 2022-06-15 18:58:11,372 - Function FERRET.buildParameterArray called.
INFO 2022-06-15 18:58:11,373 - function _setUpLegendBox called.
INFO 2022-06-15 18:58:11,405 - calculateAndPlotModelCurve called
INFO 2022-06-15 18:58:11,406 - function _setUpLegendBox called.
INFO 2022-06-15 18:58:11,433 - Function FERRET.displayFitModelButton called. Model is Linear
INFO 2022-06-15 18:58:15,853 - function FerretPlotData.plotGraph called
INFO 2022-06-15 18:58:15,881 - function _setUpSubPlot called.
INFO 2022-06-15 18:58:15,894 - Function FERRET.buildParameterArray called.
INFO 2022-06-15 18:58:15,894 - function _setUpLegendBox called.
INFO 2022-06-15 18:58:15,925 - function _setUpLegendBox called.
INFO 2022-06-15 18:58:15,951 - calculateAndPlotModelCurve called
INFO 2022-06-15 18:58:15,952 - function _setUpLegendBox called.
INFO 2022-06-15 18:58:15,977 - Function FERRET.displayFitModelButton called. Model is Linear
INFO 2022-06-15 18:58:27,903 - function FerretPlotData.plotGraph called
INFO 2022-06-15 18:58:27,950 - function _setUpSubPlot called.
INFO 2022-06-15 18:58:27,963 - Function FERRET.buildParameterArray called.
INFO 2022-06-15 18:58:27,963 - function _setUpLegendBox called.
INFO 2022-06-15 18:58:27,992 - function _setUpLegendBox called.
INFO 2022-06-15 18:58:28,016 - calculateAndPlotModelCurve called
INFO 2022-06-15 18:58:28,017 - function _setUpLegendBox called.
INFO 2022-06-15 18:58:28,041 - FERRET.clearOptimisedParamaterList called from Function-OptimumParameterChanged
INFO 2022-06-15 18:58:28,042 - Function FERRET.ClearOptimumParamaterConfLimitsOnGUI called.
INFO 2022-06-15 18:58:28,520 - function FerretPlotData.plotGraph called
INFO 2022-06-15 18:58:28,549 - function _setUpSubPlot called.
INFO 2022-06-15 18:58:28,562 - Function FERRET.buildParameterArray called.
INFO 2022-06-15 18:58:28,562 - function _setUpLegendBox called.
INFO 2022-06-15 18:58:28,592 - function _setUpLegendBox called.
INFO 2022-06-15 18:58:28,617 - calculateAndPlotModelCurve called
INFO 2022-06-15 18:58:28,617 - function _setUpLegendBox called.
INFO 2022-06-15 18:58:28,645 - FERRET.clearOptimisedParamaterList called from Function-OptimumParameterChanged
INFO 2022-06-15 18:58:28,645 - Function FERRET.ClearOptimumParamaterConfLimitsOnGUI called.
INFO 2022-06-15 18:58:28,752 - function FerretPlotData.plotGraph called
INFO 2022-06-15 18:58:28,802 - function _setUpSubPlot called.
INFO 2022-06-15 18:58:28,813 - Function FERRET.buildParameterArray called.
INFO 2022-06-15 18:58:28,814 - function _setUpLegendBox called.
INFO 2022-06-15 18:58:28,842 - function _setUpLegendBox called.
INFO 2022-06-15 18:58:28,866 - calculateAndPlotModelCurve called
INFO 2022-06-15 18:58:28,867 - function _setUpLegendBox called.
INFO 2022-06-15 18:58:28,894 - FERRET.clearOptimisedParamaterList called from Function-OptimumParameterChanged
INFO 2022-06-15 18:58:28,894 - Function FERRET.ClearOptimumParamaterConfLimitsOnGUI called.
INFO 2022-06-15 18:58:29,000 - function FerretPlotData.plotGraph called
INFO 2022-06-15 18:58:29,049 - function _setUpSubPlot called.
INFO 2022-06-15 18:58:29,061 - Function FERRET.buildParameterArray called.
INFO 2022-06-15 18:58:29,062 - function _setUpLegendBox called.
INFO 2022-06-15 18:58:29,089 - function _setUpLegendBox called.
INFO 2022-06-15 18:58:29,114 - calculateAndPlotModelCurve called
INFO 2022-06-15 18:58:29,115 - function _setUpLegendBox called.
INFO 2022-06-15 18:58:29,142 - FERRET.clearOptimisedParamaterList called from Function-OptimumParameterChanged
INFO 2022-06-15 18:58:29,142 - Function FERRET.ClearOptimumParamaterConfLimitsOnGUI called.
INFO 2022-06-15 18:58:29,225 - function FerretPlotData.plotGraph called
INFO 2022-06-15 18:58:29,252 - function _setUpSubPlot called.
INFO 2022-06-15 18:58:29,264 - Function FERRET.buildParameterArray called.
INFO 2022-06-15 18:58:29,264 - function _setUpLegendBox called.
INFO 2022-06-15 18:58:29,293 - function _setUpLegendBox called.
INFO 2022-06-15 18:58:29,318 - calculateAndPlotModelCurve called
INFO 2022-06-15 18:58:29,318 - function _setUpLegendBox called.
INFO 2022-06-15 18:58:29,346 - FERRET.clearOptimisedParamaterList called from Function-OptimumParameterChanged
INFO 2022-06-15 18:58:29,346 - Function FERRET.ClearOptimumParamaterConfLimitsOnGUI called.
INFO 2022-06-15 18:58:29,482 - function FerretPlotData.plotGraph called
INFO 2022-06-15 18:58:29,530 - function _setUpSubPlot called.
INFO 2022-06-15 18:58:29,542 - Function FERRET.buildParameterArray called.
INFO 2022-06-15 18:58:29,543 - function _setUpLegendBox called.
INFO 2022-06-15 18:58:29,571 - function _setUpLegendBox called.
INFO 2022-06-15 18:58:29,593 - calculateAndPlotModelCurve called
INFO 2022-06-15 18:58:29,594 - function _setUpLegendBox called.
INFO 2022-06-15 18:58:29,620 - FERRET.clearOptimisedParamaterList called from Function-OptimumParameterChanged
INFO 2022-06-15 18:58:29,620 - Function FERRET.ClearOptimumParamaterConfLimitsOnGUI called.
INFO 2022-06-15 18:58:31,105 - function FerretPlotData.plotGraph called
INFO 2022-06-15 18:58:31,148 - function _setUpSubPlot called.
INFO 2022-06-15 18:58:31,160 - Function FERRET.buildParameterArray called.
INFO 2022-06-15 18:58:31,161 - function _setUpLegendBox called.
INFO 2022-06-15 18:58:31,189 - function _setUpLegendBox called.
INFO 2022-06-15 18:58:31,213 - calculateAndPlotModelCurve called
INFO 2022-06-15 18:58:31,214 - function _setUpLegendBox called.
INFO 2022-06-15 18:58:31,240 - FERRET.clearOptimisedParamaterList called from Function-OptimumParameterChanged
INFO 2022-06-15 18:58:31,240 - Function FERRET.ClearOptimumParamaterConfLimitsOnGUI called.
INFO 2022-06-15 18:58:31,332 - function FerretPlotData.plotGraph called
INFO 2022-06-15 18:58:31,357 - function _setUpSubPlot called.
INFO 2022-06-15 18:58:31,369 - Function FERRET.buildParameterArray called.
INFO 2022-06-15 18:58:31,370 - function _setUpLegendBox called.
INFO 2022-06-15 18:58:31,399 - function _setUpLegendBox called.
INFO 2022-06-15 18:58:31,423 - calculateAndPlotModelCurve called
INFO 2022-06-15 18:58:31,424 - function _setUpLegendBox called.
INFO 2022-06-15 18:58:31,452 - FERRET.clearOptimisedParamaterList called from Function-OptimumParameterChanged
INFO 2022-06-15 18:58:31,452 - Function FERRET.ClearOptimumParamaterConfLimitsOnGUI called.
INFO 2022-06-15 18:58:31,571 - function FerretPlotData.plotGraph called
INFO 2022-06-15 18:58:31,626 - function _setUpSubPlot called.
INFO 2022-06-15 18:58:31,639 - Function FERRET.buildParameterArray called.
INFO 2022-06-15 18:58:31,639 - function _setUpLegendBox called.
INFO 2022-06-15 18:58:31,669 - function _setUpLegendBox called.
INFO 2022-06-15 18:58:31,694 - calculateAndPlotModelCurve called
INFO 2022-06-15 18:58:31,694 - function _setUpLegendBox called.
INFO 2022-06-15 18:58:31,721 - FERRET.clearOptimisedParamaterList called from Function-OptimumParameterChanged
INFO 2022-06-15 18:58:31,721 - Function FERRET.ClearOptimumParamaterConfLimitsOnGUI called.
INFO 2022-06-15 18:58:31,827 - function FerretPlotData.plotGraph called
INFO 2022-06-15 18:58:31,855 - function _setUpSubPlot called.
INFO 2022-06-15 18:58:31,869 - Function FERRET.buildParameterArray called.
INFO 2022-06-15 18:58:31,869 - function _setUpLegendBox called.
INFO 2022-06-15 18:58:31,900 - function _setUpLegendBox called.
INFO 2022-06-15 18:58:31,924 - calculateAndPlotModelCurve called
INFO 2022-06-15 18:58:31,925 - function _setUpLegendBox called.
INFO 2022-06-15 18:58:31,951 - FERRET.clearOptimisedParamaterList called from Function-OptimumParameterChanged
INFO 2022-06-15 18:58:31,951 - Function FERRET.ClearOptimumParamaterConfLimitsOnGUI called.
INFO 2022-06-15 18:58:32,115 - function FerretPlotData.plotGraph called
INFO 2022-06-15 18:58:32,165 - function _setUpSubPlot called.
INFO 2022-06-15 18:58:32,177 - Function FERRET.buildParameterArray called.
INFO 2022-06-15 18:58:32,177 - function _setUpLegendBox called.
INFO 2022-06-15 18:58:32,205 - function _setUpLegendBox called.
INFO 2022-06-15 18:58:32,229 - calculateAndPlotModelCurve called
INFO 2022-06-15 18:58:32,230 - function _setUpLegendBox called.
INFO 2022-06-15 18:58:32,257 - FERRET.clearOptimisedParamaterList called from Function-OptimumParameterChanged
INFO 2022-06-15 18:58:32,257 - Function FERRET.ClearOptimumParamaterConfLimitsOnGUI called.
INFO 2022-06-15 18:58:32,423 - function FerretPlotData.plotGraph called
INFO 2022-06-15 18:58:32,475 - function _setUpSubPlot called.
INFO 2022-06-15 18:58:32,487 - Function FERRET.buildParameterArray called.
INFO 2022-06-15 18:58:32,487 - function _setUpLegendBox called.
INFO 2022-06-15 18:58:32,515 - function _setUpLegendBox called.
INFO 2022-06-15 18:58:32,539 - calculateAndPlotModelCurve called
INFO 2022-06-15 18:58:32,540 - function _setUpLegendBox called.
INFO 2022-06-15 18:58:32,566 - FERRET.clearOptimisedParamaterList called from Function-OptimumParameterChanged
INFO 2022-06-15 18:58:32,566 - Function FERRET.ClearOptimumParamaterConfLimitsOnGUI called.
INFO 2022-06-15 18:58:35,412 - function FerretPlotData.plotGraph called
INFO 2022-06-15 18:58:35,463 - function _setUpSubPlot called.
INFO 2022-06-15 18:58:35,476 - Function FERRET.buildParameterArray called.
INFO 2022-06-15 18:58:35,476 - function _setUpLegendBox called.
INFO 2022-06-15 18:58:35,560 - function _setUpLegendBox called.
INFO 2022-06-15 18:58:35,589 - calculateAndPlotModelCurve called
INFO 2022-06-15 18:58:35,590 - function _setUpLegendBox called.
INFO 2022-06-15 18:58:35,617 - FERRET.clearOptimisedParamaterList called from Function-OptimumParameterChanged
INFO 2022-06-15 18:58:35,617 - Function FERRET.ClearOptimumParamaterConfLimitsOnGUI called.
INFO 2022-06-15 18:58:36,044 - function FerretPlotData.plotGraph called
INFO 2022-06-15 18:58:36,097 - function _setUpSubPlot called.
INFO 2022-06-15 18:58:36,109 - Function FERRET.buildParameterArray called.
INFO 2022-06-15 18:58:36,110 - function _setUpLegendBox called.
INFO 2022-06-15 18:58:36,138 - function _setUpLegendBox called.
INFO 2022-06-15 18:58:36,163 - calculateAndPlotModelCurve called
INFO 2022-06-15 18:58:36,164 - function _setUpLegendBox called.
INFO 2022-06-15 18:58:36,190 - FERRET.clearOptimisedParamaterList called from Function-OptimumParameterChanged
INFO 2022-06-15 18:58:36,190 - Function FERRET.ClearOptimumParamaterConfLimitsOnGUI called.
INFO 2022-06-15 18:58:40,991 - function FERRET curveFitCollectParameterData called.
ERROR 2022-06-15 18:58:41,003 - Value Error: CurveFit with model Linear: Invalid independent variable name ('xData2DArray') for function linear
INFO 2022-06-20 14:13:24,678 - function _setUpSubPlot called.
INFO 2022-06-20 14:13:25,334 - FERRET GUI created successfully.
INFO 2022-06-20 14:13:34,658 - function FERRET HideAllControlsOnGUI called
INFO 2022-06-20 14:13:34,658 - function FERRET populateModelListCombo called.
INFO 2022-06-20 14:13:34,660 - Model Library file C:/Users/Steve Shillitoe/source/repos/FerretNew/Developer/ModelLibrary/SimpleModels.py loaded
INFO 2022-06-20 14:13:38,629 - function FERRET HideAllControlsOnGUI called
INFO 2022-06-20 14:13:38,639 - CSV data file C:/Users/Steve Shillitoe/source/repos/FerretNew/FerretData/Liver1__SI_TRISTAN Rat Model v2.0__Signals.csv loaded
INFO 2022-06-20 14:13:38,642 - function FERRET ConfigureGUIAfterLoadingData called.
INFO 2022-06-20 14:13:41,092 - function FERRET GetListDataNames called
INFO 2022-06-20 14:13:41,169 - function FERRET UncheckFixParameterCheckBoxes called
INFO 2022-06-20 14:13:41,169 - function FERRET configureGUIForEachModel called when model = Linear
INFO 2022-06-20 14:13:41,172 - function FERRET setUpConstantsLabelsAndWidgets called. 
INFO 2022-06-20 14:13:41,173 - function FERRET SetUpParameterLabelsAndSpinBoxes called. 
INFO 2022-06-20 14:13:41,213 - FERRET.clearOptimisedParamaterList called from cmbModels
INFO 2022-06-20 14:13:41,214 - Function FERRET.ClearOptimumParamaterConfLimitsOnGUI called.
INFO 2022-06-20 14:13:41,214 - Function FERRET.displayFitModelButton called. Model is Linear
INFO 2022-06-20 14:13:41,214 - function FerretPlotData.plotGraph called
INFO 2022-06-20 14:13:41,235 - function _setUpSubPlot called.
INFO 2022-06-20 14:13:41,246 - Function FERRET.buildParameterArray called.
INFO 2022-06-20 14:21:13,121 - function _setUpSubPlot called.
INFO 2022-06-20 14:21:13,522 - FERRET GUI created successfully.
INFO 2022-06-20 14:21:18,783 - function FERRET HideAllControlsOnGUI called
INFO 2022-06-20 14:21:18,783 - function FERRET populateModelListCombo called.
INFO 2022-06-20 14:21:18,784 - Model Library file C:/Users/Steve Shillitoe/source/repos/FerretNew/Developer/ModelLibrary/SimpleModels.py loaded
INFO 2022-06-20 14:21:25,368 - function FERRET HideAllControlsOnGUI called
INFO 2022-06-20 14:21:25,368 - CSV data file C:/Users/Steve Shillitoe/source/repos/FerretNew/FerretData/Liver1__SI_TRISTAN Rat Model v2.0__Signals.csv loaded
INFO 2022-06-20 14:21:25,370 - function FERRET ConfigureGUIAfterLoadingData called.
INFO 2022-06-20 14:21:27,952 - function FERRET GetListDataNames called
INFO 2022-06-20 14:21:28,021 - function FERRET UncheckFixParameterCheckBoxes called
INFO 2022-06-20 14:21:28,021 - function FERRET configureGUIForEachModel called when model = Linear
INFO 2022-06-20 14:21:28,024 - function FERRET setUpConstantsLabelsAndWidgets called. 
INFO 2022-06-20 14:21:28,024 - function FERRET SetUpParameterLabelsAndSpinBoxes called. 
INFO 2022-06-20 14:21:28,066 - FERRET.clearOptimisedParamaterList called from cmbModels
INFO 2022-06-20 14:21:28,066 - Function FERRET.ClearOptimumParamaterConfLimitsOnGUI called.
INFO 2022-06-20 14:21:28,066 - Function FERRET.displayFitModelButton called. Model is Linear
INFO 2022-06-20 14:21:28,067 - function FerretPlotData.plotGraph called
INFO 2022-06-20 14:21:28,090 - function _setUpSubPlot called.
INFO 2022-06-20 14:21:28,101 - Function FERRET.buildParameterArray called.
INFO 2022-06-20 14:44:41,611 - function _setUpSubPlot called.
ERROR 2022-06-20 14:44:41,941 - Error in FERRET.setUpModelGroupBox: 'NoneType' object has no attribute 'constantsList'
INFO 2022-06-20 14:44:41,990 - FERRET GUI created successfully.
INFO 2022-06-20 14:44:46,468 - function FERRET HideAllControlsOnGUI called
ERROR 2022-06-20 14:44:46,468 - Error in function FERRET HideAllControlsOnGUI: 'Ferret' object has no attribute 'btnFitModel'
INFO 2022-06-20 14:44:46,469 - function FERRET populateModelListCombo called.
ERROR 2022-06-20 14:44:46,469 - Error in function FERRET populateModelListCombo: 'Ferret' object has no attribute 'cmbModels'
INFO 2022-06-20 14:44:46,470 - Model Library file C:/Users/Steve Shillitoe/source/repos/FerretNew/Developer/ModelLibrary/SimpleModels.py loaded
INFO 2022-06-20 14:44:50,263 - function FERRET HideAllControlsOnGUI called
ERROR 2022-06-20 14:44:50,264 - Error in function FERRET HideAllControlsOnGUI: 'Ferret' object has no attribute 'btnFitModel'
INFO 2022-06-20 14:44:50,264 - CSV data file C:/Users/Steve Shillitoe/source/repos/FerretNew/FerretData/Liver1__SI_TRISTAN Rat Model v2.0__Signals.csv loaded
ERROR 2022-06-20 14:44:50,265 - Error in function FERRET ConfigureGUIAfterLoadingData: 'Ferret' object has no attribute 'cmbModels'
INFO 2022-06-20 14:47:42,375 - function _setUpSubPlot called.
ERROR 2022-06-20 14:47:42,695 - Error in FERRET.setUpModelGroupBox: 'NoneType' object has no attribute 'constantsList'
INFO 2022-06-20 14:47:42,746 - FERRET GUI created successfully.
INFO 2022-06-20 15:19:50,128 - function _setUpSubPlot called.
INFO 2022-06-20 15:19:50,509 - FERRET GUI created successfully.
INFO 2022-06-20 15:19:55,709 - function FERRET HideAllControlsOnGUI called
INFO 2022-06-20 15:19:55,709 - function FERRET populateModelListCombo called.
INFO 2022-06-20 15:19:55,710 - Model Library file C:/Users/Steve Shillitoe/source/repos/FerretNew/Developer/ModelLibrary/SimpleModels.py loaded
INFO 2022-06-20 15:20:00,171 - function FERRET HideAllControlsOnGUI called
INFO 2022-06-20 15:20:00,172 - CSV data file C:/Users/Steve Shillitoe/source/repos/FerretNew/FerretData/Liver1__SI_TRISTAN Rat Model v2.0__Signals.csv loaded
INFO 2022-06-20 15:20:00,173 - function FERRET ConfigureGUIAfterLoadingData called.
INFO 2022-06-20 15:20:02,708 - function FERRET GetListDataNames called
INFO 2022-06-20 15:20:02,787 - function FERRET UncheckFixParameterCheckBoxes called
INFO 2022-06-20 15:20:02,787 - function FERRET configureGUIForEachModel called when model = Linear
ERROR 2022-06-20 15:20:02,788 - Error in function FERRET configureGUIForEachModel: 'Ferret' object has no attribute 'paramGridLayout'
INFO 2022-06-20 15:20:02,788 - FERRET.clearOptimisedParamaterList called from cmbModels
INFO 2022-06-20 15:20:02,788 - Function FERRET.ClearOptimumParamaterConfLimitsOnGUI called.
INFO 2022-06-20 15:20:02,788 - Function FERRET.displayFitModelButton called. Model is Linear
INFO 2022-06-20 15:20:02,790 - function FerretPlotData.plotGraph called
INFO 2022-06-20 15:20:02,809 - function _setUpSubPlot called.
INFO 2022-06-20 15:20:02,821 - Function FERRET.buildParameterArray called.
INFO 2022-06-20 15:22:55,347 - function _setUpSubPlot called.
INFO 2022-06-20 15:22:55,722 - FERRET GUI created successfully.
INFO 2022-06-20 15:23:01,014 - function FERRET HideAllControlsOnGUI called
INFO 2022-06-20 15:23:01,014 - function FERRET populateModelListCombo called.
INFO 2022-06-20 15:23:01,015 - Model Library file C:/Users/Steve Shillitoe/source/repos/FerretNew/Developer/ModelLibrary/SimpleModels.py loaded
INFO 2022-06-20 15:23:05,524 - function FERRET HideAllControlsOnGUI called
INFO 2022-06-20 15:23:05,525 - CSV data file C:/Users/Steve Shillitoe/source/repos/FerretNew/FerretData/Liver1__SI_TRISTAN Rat Model v2.0__Signals.csv loaded
INFO 2022-06-20 15:23:05,526 - function FERRET ConfigureGUIAfterLoadingData called.
INFO 2022-06-20 15:23:08,000 - function FERRET GetListDataNames called
INFO 2022-06-20 15:23:08,067 - function FERRET UncheckFixParameterCheckBoxes called
INFO 2022-06-20 15:23:08,067 - function FERRET configureGUIForEachModel called when model = Linear
ERROR 2022-06-20 15:23:08,067 - Error in function FERRET configureGUIForEachModel: 'Ferret' object has no attribute 'paramGridLayout'
INFO 2022-06-20 15:23:08,068 - FERRET.clearOptimisedParamaterList called from cmbModels
INFO 2022-06-20 15:23:08,068 - Function FERRET.ClearOptimumParamaterConfLimitsOnGUI called.
INFO 2022-06-20 15:23:08,068 - Function FERRET.displayFitModelButton called. Model is Linear
INFO 2022-06-20 15:23:08,070 - function FerretPlotData.plotGraph called
INFO 2022-06-20 15:23:08,090 - function _setUpSubPlot called.
INFO 2022-06-20 15:23:08,102 - Function FERRET.buildParameterArray called.
INFO 2022-06-20 15:24:35,886 - function _setUpSubPlot called.
INFO 2022-06-20 15:24:36,255 - FERRET GUI created successfully.
INFO 2022-06-20 15:24:41,472 - function FERRET HideAllControlsOnGUI called
INFO 2022-06-20 15:24:41,472 - function FERRET populateModelListCombo called.
INFO 2022-06-20 15:24:41,473 - Model Library file C:/Users/Steve Shillitoe/source/repos/FerretNew/Developer/ModelLibrary/SimpleModels.py loaded
INFO 2022-06-20 15:24:45,593 - function FERRET HideAllControlsOnGUI called
INFO 2022-06-20 15:24:45,594 - CSV data file C:/Users/Steve Shillitoe/source/repos/FerretNew/FerretData/Liver1__SI_TRISTAN Rat Model v2.0__Signals.csv loaded
INFO 2022-06-20 15:24:45,595 - function FERRET ConfigureGUIAfterLoadingData called.
INFO 2022-06-20 15:24:48,552 - function FERRET GetListDataNames called
INFO 2022-06-20 15:24:48,627 - function FERRET UncheckFixParameterCheckBoxes called
INFO 2022-06-20 15:24:48,628 - function FERRET configureGUIForEachModel called when model = Linear
ERROR 2022-06-20 15:24:48,628 - Error in function FERRET configureGUIForEachModel: 'Ferret' object has no attribute 'paramGridLayout'
INFO 2022-06-20 15:24:48,628 - FERRET.clearOptimisedParamaterList called from cmbModels
INFO 2022-06-20 15:24:48,628 - Function FERRET.ClearOptimumParamaterConfLimitsOnGUI called.
INFO 2022-06-20 15:24:48,628 - Function FERRET.displayFitModelButton called. Model is Linear
INFO 2022-06-20 15:24:48,630 - function FerretPlotData.plotGraph called
INFO 2022-06-20 15:24:48,651 - function _setUpSubPlot called.
INFO 2022-06-20 15:24:48,663 - Function FERRET.buildParameterArray called.
INFO 2022-06-20 15:25:36,352 - function _setUpSubPlot called.
INFO 2022-06-20 15:25:36,801 - FERRET GUI created successfully.
INFO 2022-06-20 15:25:41,573 - function FERRET HideAllControlsOnGUI called
INFO 2022-06-20 15:25:41,575 - function FERRET populateModelListCombo called.
INFO 2022-06-20 15:25:41,576 - Model Library file C:/Users/Steve Shillitoe/source/repos/FerretNew/Developer/ModelLibrary/SimpleModels.py loaded
INFO 2022-06-20 15:25:45,497 - function FERRET HideAllControlsOnGUI called
INFO 2022-06-20 15:25:45,498 - CSV data file C:/Users/Steve Shillitoe/source/repos/FerretNew/FerretData/Liver1__SI_TRISTAN Rat Model v2.0__Signals.csv loaded
INFO 2022-06-20 15:25:45,500 - function FERRET ConfigureGUIAfterLoadingData called.
INFO 2022-06-20 15:25:47,990 - function FERRET GetListDataNames called
INFO 2022-06-20 15:25:48,062 - function FERRET UncheckFixParameterCheckBoxes called
INFO 2022-06-20 15:25:48,063 - function FERRET configureGUIForEachModel called when model = Linear
INFO 2022-06-20 15:30:45,702 - function _setUpSubPlot called.
INFO 2022-06-20 15:30:46,082 - FERRET GUI created successfully.
INFO 2022-06-20 15:30:52,455 - function FERRET HideAllControlsOnGUI called
INFO 2022-06-20 15:30:52,455 - function FERRET populateModelListCombo called.
INFO 2022-06-20 15:30:52,456 - Model Library file C:/Users/Steve Shillitoe/source/repos/FerretNew/Developer/ModelLibrary/SimpleModels.py loaded
INFO 2022-06-20 15:30:56,156 - function FERRET HideAllControlsOnGUI called
INFO 2022-06-20 15:30:56,157 - CSV data file C:/Users/Steve Shillitoe/source/repos/FerretNew/FerretData/Liver1__SI_TRISTAN Rat Model v2.0__Signals.csv loaded
INFO 2022-06-20 15:30:56,158 - function FERRET ConfigureGUIAfterLoadingData called.
INFO 2022-06-20 15:30:58,255 - function FERRET GetListDataNames called
INFO 2022-06-20 15:30:58,324 - function FERRET UncheckFixParameterCheckBoxes called
INFO 2022-06-20 15:30:58,324 - function FERRET configureGUIForEachModel called when model = Linear
ERROR 2022-06-20 15:30:58,325 - Error in function FERRET configureGUIForEachModel: name 'paramGridLayout' is not defined
INFO 2022-06-20 15:30:58,325 - FERRET.clearOptimisedParamaterList called from cmbModels
INFO 2022-06-20 15:30:58,325 - Function FERRET.ClearOptimumParamaterConfLimitsOnGUI called.
INFO 2022-06-20 15:30:58,325 - Function FERRET.displayFitModelButton called. Model is Linear
INFO 2022-06-20 15:30:58,327 - function FerretPlotData.plotGraph called
INFO 2022-06-20 15:30:58,350 - function _setUpSubPlot called.
INFO 2022-06-20 15:30:58,362 - Function FERRET.buildParameterArray called.
INFO 2022-06-20 15:31:43,647 - function _setUpSubPlot called.
INFO 2022-06-20 15:31:44,016 - FERRET GUI created successfully.
INFO 2022-06-20 15:31:50,454 - function FERRET HideAllControlsOnGUI called
INFO 2022-06-20 15:31:50,454 - function FERRET populateModelListCombo called.
INFO 2022-06-20 15:31:50,455 - Model Library file C:/Users/Steve Shillitoe/source/repos/FerretNew/Developer/ModelLibrary/SimpleModels.py loaded
INFO 2022-06-20 15:31:53,997 - function FERRET HideAllControlsOnGUI called
INFO 2022-06-20 15:31:53,998 - CSV data file C:/Users/Steve Shillitoe/source/repos/FerretNew/FerretData/Liver1__SI_TRISTAN Rat Model v2.0__Signals.csv loaded
INFO 2022-06-20 15:31:54,000 - function FERRET ConfigureGUIAfterLoadingData called.
INFO 2022-06-20 15:31:56,243 - function FERRET GetListDataNames called
INFO 2022-06-20 15:31:56,310 - function FERRET UncheckFixParameterCheckBoxes called
INFO 2022-06-20 15:31:56,310 - function FERRET configureGUIForEachModel called when model = Linear
ERROR 2022-06-20 15:31:56,311 - Error in function FERRET configureGUIForEachModel: 'Ferret' object has no attribute 'paramGridLayout'
INFO 2022-06-20 15:31:56,311 - FERRET.clearOptimisedParamaterList called from cmbModels
INFO 2022-06-20 15:31:56,311 - Function FERRET.ClearOptimumParamaterConfLimitsOnGUI called.
INFO 2022-06-20 15:31:56,311 - Function FERRET.displayFitModelButton called. Model is Linear
INFO 2022-06-20 15:31:56,313 - function FerretPlotData.plotGraph called
INFO 2022-06-20 15:31:56,335 - function _setUpSubPlot called.
INFO 2022-06-20 15:31:56,347 - Function FERRET.buildParameterArray called.
INFO 2022-06-20 15:33:14,756 - function _setUpSubPlot called.
INFO 2022-06-20 15:33:15,130 - FERRET GUI created successfully.
INFO 2022-06-20 15:33:20,592 - function FERRET HideAllControlsOnGUI called
INFO 2022-06-20 15:33:20,592 - function FERRET populateModelListCombo called.
INFO 2022-06-20 15:33:20,593 - Model Library file C:/Users/Steve Shillitoe/source/repos/FerretNew/Developer/ModelLibrary/SimpleModels.py loaded
INFO 2022-06-20 15:33:24,639 - function FERRET HideAllControlsOnGUI called
INFO 2022-06-20 15:33:24,640 - CSV data file C:/Users/Steve Shillitoe/source/repos/FerretNew/FerretData/Liver1__SI_TRISTAN Rat Model v2.0__Signals.csv loaded
INFO 2022-06-20 15:33:24,643 - function FERRET ConfigureGUIAfterLoadingData called.
INFO 2022-06-20 15:33:27,446 - function FERRET GetListDataNames called
INFO 2022-06-20 15:33:27,517 - function FERRET UncheckFixParameterCheckBoxes called
INFO 2022-06-20 15:33:27,517 - FERRET.clearOptimisedParamaterList called from cmbModels
INFO 2022-06-20 15:33:27,517 - Function FERRET.ClearOptimumParamaterConfLimitsOnGUI called.
INFO 2022-06-20 15:33:27,517 - Function FERRET.displayFitModelButton called. Model is Linear
INFO 2022-06-20 15:33:27,519 - function FERRET configureGUIForEachModel called when model = Linear
ERROR 2022-06-20 15:33:27,520 - Error in function FERRET configureGUIForEachModel: 'Ferret' object has no attribute 'constantsGridLayout'
INFO 2022-06-20 15:33:27,520 - function FerretPlotData.plotGraph called
INFO 2022-06-20 15:33:27,542 - function _setUpSubPlot called.
INFO 2022-06-20 15:33:27,552 - Function FERRET.buildParameterArray called.
INFO 2022-06-20 15:36:44,545 - function _setUpSubPlot called.
INFO 2022-06-20 15:36:44,924 - FERRET GUI created successfully.
INFO 2022-06-20 15:36:50,265 - function FERRET HideAllControlsOnGUI called
INFO 2022-06-20 15:36:50,265 - function FERRET populateModelListCombo called.
INFO 2022-06-20 15:36:50,266 - Model Library file C:/Users/Steve Shillitoe/source/repos/FerretNew/Developer/ModelLibrary/SimpleModels.py loaded
INFO 2022-06-20 15:36:53,955 - function FERRET HideAllControlsOnGUI called
INFO 2022-06-20 15:36:53,955 - CSV data file C:/Users/Steve Shillitoe/source/repos/FerretNew/FerretData/Liver1__SI_TRISTAN Rat Model v2.0__Signals.csv loaded
INFO 2022-06-20 15:36:53,957 - function FERRET ConfigureGUIAfterLoadingData called.
INFO 2022-06-20 15:36:56,259 - function FERRET GetListDataNames called
INFO 2022-06-20 15:36:56,333 - function FERRET UncheckFixParameterCheckBoxes called
INFO 2022-06-20 15:36:56,333 - FERRET.clearOptimisedParamaterList called from cmbModels
INFO 2022-06-20 15:36:56,333 - Function FERRET.ClearOptimumParamaterConfLimitsOnGUI called.
INFO 2022-06-20 15:36:56,334 - Function FERRET.displayFitModelButton called. Model is Linear
INFO 2022-06-20 15:36:56,335 - function FERRET configureGUIForEachModel called when model = Linear
ERROR 2022-06-20 15:36:56,335 - Error in function FERRET configureGUIForEachModel: 'Ferret' object has no attribute 'constantsGridLayout'
INFO 2022-06-20 15:36:56,335 - function FerretPlotData.plotGraph called
INFO 2022-06-20 15:36:56,356 - function _setUpSubPlot called.
INFO 2022-06-20 15:36:56,366 - Function FERRET.buildParameterArray called.
INFO 2022-06-20 15:47:43,188 - function _setUpSubPlot called.
INFO 2022-06-20 15:47:43,568 - FERRET GUI created successfully.
INFO 2022-06-20 15:47:47,666 - function FERRET HideAllControlsOnGUI called
INFO 2022-06-20 15:47:47,667 - function FERRET populateModelListCombo called.
INFO 2022-06-20 15:47:47,667 - Model Library file C:/Users/Steve Shillitoe/source/repos/FerretNew/Developer/ModelLibrary/SimpleModels.py loaded
INFO 2022-06-20 15:47:51,332 - function FERRET HideAllControlsOnGUI called
INFO 2022-06-20 15:47:51,333 - CSV data file C:/Users/Steve Shillitoe/source/repos/FerretNew/FerretData/Liver1__SI_TRISTAN Rat Model v2.0__Signals.csv loaded
INFO 2022-06-20 15:47:51,335 - function FERRET ConfigureGUIAfterLoadingData called.
INFO 2022-06-20 15:47:53,391 - function FERRET GetListDataNames called
INFO 2022-06-20 15:47:53,463 - function FERRET UncheckFixParameterCheckBoxes called
INFO 2022-06-20 15:47:53,463 - FERRET.clearOptimisedParamaterList called from cmbModels
INFO 2022-06-20 15:47:53,463 - Function FERRET.ClearOptimumParamaterConfLimitsOnGUI called.
INFO 2022-06-20 15:47:53,463 - Function FERRET.displayFitModelButton called. Model is Linear
INFO 2022-06-20 15:47:53,464 - function FERRET configureGUIForEachModel called when model = Linear
ERROR 2022-06-20 15:47:53,465 - Error in function FERRET configureGUIForEachModel: 'Ferret' object has no attribute 'constantsGridLayout'
INFO 2022-06-20 15:47:53,465 - function FerretPlotData.plotGraph called
INFO 2022-06-20 15:47:53,486 - function _setUpSubPlot called.
INFO 2022-06-20 15:47:53,498 - Function FERRET.buildParameterArray called.
INFO 2022-06-20 15:50:17,167 - function _setUpSubPlot called.
INFO 2022-06-20 15:50:17,545 - FERRET GUI created successfully.
INFO 2022-06-20 15:50:21,648 - function FERRET HideAllControlsOnGUI called
INFO 2022-06-20 15:50:21,649 - function FERRET populateModelListCombo called.
INFO 2022-06-20 15:50:21,649 - Model Library file C:/Users/Steve Shillitoe/source/repos/FerretNew/Developer/ModelLibrary/SimpleModels.py loaded
INFO 2022-06-20 15:50:25,816 - function FERRET HideAllControlsOnGUI called
INFO 2022-06-20 15:50:25,816 - CSV data file C:/Users/Steve Shillitoe/source/repos/FerretNew/FerretData/Liver1__SI_TRISTAN Rat Model v2.0__Signals.csv loaded
INFO 2022-06-20 15:50:25,819 - function FERRET ConfigureGUIAfterLoadingData called.
INFO 2022-06-20 15:50:28,357 - function FERRET GetListDataNames called
INFO 2022-06-20 15:50:28,428 - function FERRET UncheckFixParameterCheckBoxes called
INFO 2022-06-20 15:50:28,428 - FERRET.clearOptimisedParamaterList called from cmbModels
INFO 2022-06-20 15:50:28,428 - Function FERRET.ClearOptimumParamaterConfLimitsOnGUI called.
INFO 2022-06-20 15:50:28,428 - Function FERRET.displayFitModelButton called. Model is Linear
INFO 2022-06-20 15:50:28,430 - function FERRET configureGUIForEachModel called when model = Linear
ERROR 2022-06-20 15:50:28,430 - Error in function FERRET configureGUIForEachModel: 'Ferret' object has no attribute 'groupBoxConstants'
INFO 2022-06-20 15:50:28,430 - function FerretPlotData.plotGraph called
INFO 2022-06-20 15:50:28,451 - function _setUpSubPlot called.
INFO 2022-06-20 15:50:28,462 - Function FERRET.buildParameterArray called.
INFO 2022-06-20 15:52:21,780 - function _setUpSubPlot called.
INFO 2022-06-20 15:52:22,155 - FERRET GUI created successfully.
INFO 2022-06-20 15:52:26,994 - function FERRET HideAllControlsOnGUI called
INFO 2022-06-20 15:52:26,995 - function FERRET populateModelListCombo called.
INFO 2022-06-20 15:52:26,996 - Model Library file C:/Users/Steve Shillitoe/source/repos/FerretNew/Developer/ModelLibrary/SimpleModels.py loaded
INFO 2022-06-20 15:52:30,488 - function FERRET HideAllControlsOnGUI called
INFO 2022-06-20 15:52:30,489 - CSV data file C:/Users/Steve Shillitoe/source/repos/FerretNew/FerretData/Liver1__SI_TRISTAN Rat Model v2.0__Signals.csv loaded
INFO 2022-06-20 15:52:30,491 - function FERRET ConfigureGUIAfterLoadingData called.
INFO 2022-06-20 15:52:32,647 - function FERRET GetListDataNames called
INFO 2022-06-20 15:52:32,717 - function FERRET UncheckFixParameterCheckBoxes called
INFO 2022-06-20 15:52:32,717 - FERRET.clearOptimisedParamaterList called from cmbModels
INFO 2022-06-20 15:52:32,717 - Function FERRET.ClearOptimumParamaterConfLimitsOnGUI called.
INFO 2022-06-20 15:52:32,718 - Function FERRET.displayFitModelButton called. Model is Linear
INFO 2022-06-20 15:52:32,720 - function FERRET configureGUIForEachModel called when model = Linear
ERROR 2022-06-20 15:52:32,720 - Error in function FERRET configureGUIForEachModel: 'Ferret' object has no attribute 'groupBoxConstants'
INFO 2022-06-20 15:52:32,720 - function FerretPlotData.plotGraph called
INFO 2022-06-20 15:52:32,742 - function _setUpSubPlot called.
INFO 2022-06-20 15:52:32,753 - Function FERRET.buildParameterArray called.
INFO 2022-06-20 15:54:26,559 - function _setUpSubPlot called.
INFO 2022-06-20 15:54:26,994 - FERRET GUI created successfully.
INFO 2022-06-20 15:54:32,151 - function FERRET HideAllControlsOnGUI called
INFO 2022-06-20 15:54:32,153 - function FERRET populateModelListCombo called.
INFO 2022-06-20 15:54:32,153 - Model Library file C:/Users/Steve Shillitoe/source/repos/FerretNew/Developer/ModelLibrary/SimpleModels.py loaded
INFO 2022-06-20 15:54:36,761 - function FERRET HideAllControlsOnGUI called
INFO 2022-06-20 15:54:36,761 - CSV data file C:/Users/Steve Shillitoe/source/repos/FerretNew/FerretData/Liver1__SI_TRISTAN Rat Model v2.0__Signals.csv loaded
INFO 2022-06-20 15:54:36,764 - function FERRET ConfigureGUIAfterLoadingData called.
INFO 2022-06-20 15:54:43,746 - function FERRET GetListDataNames called
INFO 2022-06-20 15:54:43,817 - function FERRET UncheckFixParameterCheckBoxes called
INFO 2022-06-20 15:54:43,818 - FERRET.clearOptimisedParamaterList called from cmbModels
INFO 2022-06-20 15:54:43,818 - Function FERRET.ClearOptimumParamaterConfLimitsOnGUI called.
INFO 2022-06-20 15:54:43,818 - Function FERRET.displayFitModelButton called. Model is Linear
INFO 2022-06-20 15:54:43,821 - function FERRET configureGUIForEachModel called when model = Linear
ERROR 2022-06-20 15:56:53,372 - Error in function FERRET configureGUIForEachModel: 'Ferret' object has no attribute 'groupBoxConstants'
INFO 2022-06-20 15:56:53,373 - function FerretPlotData.plotGraph called
INFO 2022-06-20 15:56:53,421 - function _setUpSubPlot called.
INFO 2022-06-20 15:56:53,448 - Function FERRET.buildParameterArray called.
INFO 2022-06-20 16:00:14,701 - function _setUpSubPlot called.
INFO 2022-06-20 16:00:15,079 - FERRET GUI created successfully.
INFO 2022-06-20 16:00:19,238 - function FERRET HideAllControlsOnGUI called
INFO 2022-06-20 16:00:19,238 - function FERRET populateModelListCombo called.
INFO 2022-06-20 16:00:19,239 - Model Library file C:/Users/Steve Shillitoe/source/repos/FerretNew/Developer/ModelLibrary/SimpleModels.py loaded
INFO 2022-06-20 16:00:23,347 - function FERRET HideAllControlsOnGUI called
INFO 2022-06-20 16:00:23,347 - CSV data file C:/Users/Steve Shillitoe/source/repos/FerretNew/FerretData/Liver1__SI_TRISTAN Rat Model v2.0__Signals.csv loaded
INFO 2022-06-20 16:00:23,350 - function FERRET ConfigureGUIAfterLoadingData called.
INFO 2022-06-20 16:00:25,802 - function FERRET GetListDataNames called
INFO 2022-06-20 16:00:25,879 - function FERRET UncheckFixParameterCheckBoxes called
INFO 2022-06-20 16:00:25,879 - FERRET.clearOptimisedParamaterList called from cmbModels
INFO 2022-06-20 16:00:25,880 - Function FERRET.ClearOptimumParamaterConfLimitsOnGUI called.
INFO 2022-06-20 16:00:25,880 - Function FERRET.displayFitModelButton called. Model is Linear
INFO 2022-06-20 16:00:25,906 - function FERRET configureGUIForEachModel called when model = Linear
INFO 2022-06-20 16:00:25,915 - function FERRET setUpConstantsLabelsAndWidgets called. 
ERROR 2022-06-20 16:00:25,915 - Error in function FERRET clearConstantsGridLayout: 'Ferret' object has no attribute 'constantsGridLayout'
INFO 2022-06-20 16:00:25,915 - function FERRET SetUpParameterLabelsAndSpinBoxes called. 
INFO 2022-06-20 16:00:25,965 - function FerretPlotData.plotGraph called
INFO 2022-06-20 16:00:25,985 - function _setUpSubPlot called.
INFO 2022-06-20 16:00:25,997 - Function FERRET.buildParameterArray called.
INFO 2022-06-20 16:03:17,809 - function _setUpSubPlot called.
INFO 2022-06-20 16:03:18,183 - FERRET GUI created successfully.
INFO 2022-06-20 16:03:22,655 - function FERRET HideAllControlsOnGUI called
INFO 2022-06-20 16:03:22,655 - function FERRET populateModelListCombo called.
INFO 2022-06-20 16:03:22,656 - Model Library file C:/Users/Steve Shillitoe/source/repos/FerretNew/Developer/ModelLibrary/SimpleModels.py loaded
INFO 2022-06-20 16:03:26,163 - function FERRET HideAllControlsOnGUI called
INFO 2022-06-20 16:03:26,163 - CSV data file C:/Users/Steve Shillitoe/source/repos/FerretNew/FerretData/Liver1__SI_TRISTAN Rat Model v2.0__Signals.csv loaded
INFO 2022-06-20 16:03:26,166 - function FERRET ConfigureGUIAfterLoadingData called.
INFO 2022-06-20 16:03:28,568 - function FERRET GetListDataNames called
INFO 2022-06-20 16:03:28,639 - function FERRET UncheckFixParameterCheckBoxes called
INFO 2022-06-20 16:03:28,639 - FERRET.clearOptimisedParamaterList called from cmbModels
INFO 2022-06-20 16:03:28,640 - Function FERRET.ClearOptimumParamaterConfLimitsOnGUI called.
INFO 2022-06-20 16:03:28,640 - Function FERRET.displayFitModelButton called. Model is Linear
INFO 2022-06-20 16:03:28,663 - function FERRET configureGUIForEachModel called when model = Linear
INFO 2022-06-20 16:03:28,670 - function FERRET setUpConstantsLabelsAndWidgets called. 
INFO 2022-06-20 16:03:28,671 - function FERRET SetUpParameterLabelsAndSpinBoxes called. 
INFO 2022-06-20 16:03:28,714 - function FerretPlotData.plotGraph called
INFO 2022-06-20 16:03:28,734 - function _setUpSubPlot called.
INFO 2022-06-20 16:03:28,745 - Function FERRET.buildParameterArray called.
INFO 2022-06-20 16:07:11,218 - function _setUpSubPlot called.
INFO 2022-06-20 16:07:11,600 - FERRET GUI created successfully.
INFO 2022-06-20 16:07:16,665 - function FERRET HideAllControlsOnGUI called
INFO 2022-06-20 16:07:16,665 - function FERRET populateModelListCombo called.
INFO 2022-06-20 16:07:16,666 - Model Library file C:/Users/Steve Shillitoe/source/repos/FerretNew/Developer/ModelLibrary/SimpleModels.py loaded
INFO 2022-06-20 16:07:21,371 - function FERRET HideAllControlsOnGUI called
INFO 2022-06-20 16:07:21,372 - CSV data file C:/Users/Steve Shillitoe/source/repos/FerretNew/FerretData/Liver1__SI_TRISTAN Rat Model v2.0__Signals.csv loaded
INFO 2022-06-20 16:07:21,373 - function FERRET ConfigureGUIAfterLoadingData called.
INFO 2022-06-20 16:07:24,380 - function FERRET GetListDataNames called
INFO 2022-06-20 16:07:24,449 - function FERRET UncheckFixParameterCheckBoxes called
INFO 2022-06-20 16:07:24,449 - FERRET.clearOptimisedParamaterList called from cmbModels
INFO 2022-06-20 16:07:24,449 - Function FERRET.ClearOptimumParamaterConfLimitsOnGUI called.
INFO 2022-06-20 16:07:24,450 - Function FERRET.displayFitModelButton called. Model is Linear
INFO 2022-06-20 16:07:24,452 - function FERRET configureGUIForEachModel called when model = Linear
INFO 2022-06-20 16:07:24,452 - function FERRET setUpConstantsLabelsAndWidgets called. 
INFO 2022-06-20 16:07:24,453 - function FERRET SetUpParameterLabelsAndSpinBoxes called. 
INFO 2022-06-20 16:07:24,493 - function FerretPlotData.plotGraph called
INFO 2022-06-20 16:07:24,514 - function _setUpSubPlot called.
INFO 2022-06-20 16:07:24,525 - Function FERRET.buildParameterArray called.
INFO 2022-06-20 16:08:39,310 - function _setUpSubPlot called.
INFO 2022-06-20 16:08:39,713 - FERRET GUI created successfully.
INFO 2022-06-20 16:08:44,688 - function FERRET HideAllControlsOnGUI called
INFO 2022-06-20 16:08:44,689 - function FERRET populateModelListCombo called.
INFO 2022-06-20 16:08:44,689 - Model Library file C:/Users/Steve Shillitoe/source/repos/FerretNew/Developer/ModelLibrary/SimpleModels.py loaded
INFO 2022-06-20 16:08:47,332 - function FERRET HideAllControlsOnGUI called
INFO 2022-06-20 16:08:47,332 - CSV data file C:/Users/Steve Shillitoe/source/repos/FerretNew/FerretData/Liver1__SI_TRISTAN Rat Model v2.0__Signals.csv loaded
INFO 2022-06-20 16:08:47,334 - function FERRET ConfigureGUIAfterLoadingData called.
INFO 2022-06-20 16:08:49,273 - function FERRET GetListDataNames called
INFO 2022-06-20 16:08:49,345 - function FERRET UncheckFixParameterCheckBoxes called
INFO 2022-06-20 16:08:49,345 - FERRET.clearOptimisedParamaterList called from cmbModels
INFO 2022-06-20 16:08:49,345 - Function FERRET.ClearOptimumParamaterConfLimitsOnGUI called.
INFO 2022-06-20 16:08:49,345 - Function FERRET.displayFitModelButton called. Model is Linear
INFO 2022-06-20 16:08:49,347 - function FERRET configureGUIForEachModel called when model = Linear
INFO 2022-06-20 16:08:49,347 - function FERRET SetUpParameterLabelsAndSpinBoxes called. 
INFO 2022-06-20 16:08:49,391 - function FerretPlotData.plotGraph called
INFO 2022-06-20 16:08:49,411 - function _setUpSubPlot called.
INFO 2022-06-20 16:08:49,422 - Function FERRET.buildParameterArray called.
INFO 2022-06-20 16:09:05,284 - function FerretPlotData.plotGraph called
INFO 2022-06-20 16:09:05,311 - function _setUpSubPlot called.
INFO 2022-06-20 16:09:05,321 - Function FERRET.buildParameterArray called.
INFO 2022-06-20 16:09:05,322 - function _setUpLegendBox called.
INFO 2022-06-20 16:09:05,369 - calculateAndPlotModelCurve called
INFO 2022-06-20 16:09:05,370 - function _setUpLegendBox called.
INFO 2022-06-20 16:09:05,397 - Function FERRET.displayFitModelButton called. Model is Linear
INFO 2022-06-20 16:09:07,462 - function FerretPlotData.plotGraph called
INFO 2022-06-20 16:09:07,488 - function _setUpSubPlot called.
INFO 2022-06-20 16:09:07,498 - Function FERRET.buildParameterArray called.
INFO 2022-06-20 16:09:07,499 - function _setUpLegendBox called.
INFO 2022-06-20 16:09:07,531 - function _setUpLegendBox called.
INFO 2022-06-20 16:09:07,556 - calculateAndPlotModelCurve called
INFO 2022-06-20 16:09:07,557 - function _setUpLegendBox called.
INFO 2022-06-20 16:09:07,584 - Function FERRET.displayFitModelButton called. Model is Linear
INFO 2022-06-20 16:09:13,779 - function FerretPlotData.plotGraph called
INFO 2022-06-20 16:09:13,800 - function _setUpSubPlot called.
INFO 2022-06-20 16:09:13,811 - Function FERRET.buildParameterArray called.
INFO 2022-06-20 16:09:13,812 - function _setUpLegendBox called.
INFO 2022-06-20 16:09:13,844 - function _setUpLegendBox called.
INFO 2022-06-20 16:09:13,868 - calculateAndPlotModelCurve called
INFO 2022-06-20 16:09:13,869 - function _setUpLegendBox called.
INFO 2022-06-20 16:09:13,895 - FERRET.clearOptimisedParamaterList called from Function-OptimumParameterChanged
INFO 2022-06-20 16:09:13,896 - Function FERRET.ClearOptimumParamaterConfLimitsOnGUI called.
INFO 2022-06-20 16:09:14,283 - function FerretPlotData.plotGraph called
INFO 2022-06-20 16:09:14,303 - function _setUpSubPlot called.
INFO 2022-06-20 16:09:14,313 - Function FERRET.buildParameterArray called.
INFO 2022-06-20 16:09:14,314 - function _setUpLegendBox called.
INFO 2022-06-20 16:09:14,346 - function _setUpLegendBox called.
INFO 2022-06-20 16:09:14,370 - calculateAndPlotModelCurve called
INFO 2022-06-20 16:09:14,371 - function _setUpLegendBox called.
INFO 2022-06-20 16:09:14,399 - FERRET.clearOptimisedParamaterList called from Function-OptimumParameterChanged
INFO 2022-06-20 16:09:14,399 - Function FERRET.ClearOptimumParamaterConfLimitsOnGUI called.
INFO 2022-06-20 16:09:14,627 - function FerretPlotData.plotGraph called
INFO 2022-06-20 16:09:14,648 - function _setUpSubPlot called.
INFO 2022-06-20 16:09:14,658 - Function FERRET.buildParameterArray called.
INFO 2022-06-20 16:09:14,659 - function _setUpLegendBox called.
INFO 2022-06-20 16:09:14,690 - function _setUpLegendBox called.
INFO 2022-06-20 16:09:14,714 - calculateAndPlotModelCurve called
INFO 2022-06-20 16:09:14,714 - function _setUpLegendBox called.
INFO 2022-06-20 16:09:14,742 - FERRET.clearOptimisedParamaterList called from Function-OptimumParameterChanged
INFO 2022-06-20 16:09:14,742 - Function FERRET.ClearOptimumParamaterConfLimitsOnGUI called.
INFO 2022-06-20 16:09:14,901 - function FerretPlotData.plotGraph called
INFO 2022-06-20 16:09:14,924 - function _setUpSubPlot called.
INFO 2022-06-20 16:09:14,937 - Function FERRET.buildParameterArray called.
INFO 2022-06-20 16:09:14,938 - function _setUpLegendBox called.
INFO 2022-06-20 16:09:14,973 - function _setUpLegendBox called.
INFO 2022-06-20 16:09:14,999 - calculateAndPlotModelCurve called
INFO 2022-06-20 16:09:15,000 - function _setUpLegendBox called.
INFO 2022-06-20 16:09:15,030 - FERRET.clearOptimisedParamaterList called from Function-OptimumParameterChanged
INFO 2022-06-20 16:09:15,030 - Function FERRET.ClearOptimumParamaterConfLimitsOnGUI called.
INFO 2022-06-20 16:09:15,750 - function FerretPlotData.plotGraph called
INFO 2022-06-20 16:09:15,771 - function _setUpSubPlot called.
INFO 2022-06-20 16:09:15,781 - Function FERRET.buildParameterArray called.
INFO 2022-06-20 16:09:15,782 - function _setUpLegendBox called.
INFO 2022-06-20 16:09:15,814 - function _setUpLegendBox called.
INFO 2022-06-20 16:09:15,838 - calculateAndPlotModelCurve called
INFO 2022-06-20 16:09:15,839 - function _setUpLegendBox called.
INFO 2022-06-20 16:09:15,869 - FERRET.clearOptimisedParamaterList called from Function-OptimumParameterChanged
INFO 2022-06-20 16:09:15,869 - Function FERRET.ClearOptimumParamaterConfLimitsOnGUI called.
